<?xml version="1.0" encoding="UTF-8"?>
<!-- Generated by org.testng.reporters.JUnitReportReporter -->
<testsuite hostname="ASHWIN" failures="0" tests="100" name="tests.LoginLogoutTest100Times" time="771.864" errors="0" timestamp="2023-12-15T18:08:40 IST" skipped="0">
  <testcase classname="tests.LoginLogoutTest100Times" name="executeLoginLogoutTest" time="7.595"/>
  <testcase classname="tests.LoginLogoutTest100Times" name="executeLoginLogoutTest" time="7.643"/>
  <testcase classname="tests.LoginLogoutTest100Times" name="executeLoginLogoutTest" time="7.645"/>
  <testcase classname="tests.LoginLogoutTest100Times" name="executeLoginLogoutTest" time="7.595"/>
  <testcase classname="tests.LoginLogoutTest100Times" name="executeLoginLogoutTest" time="7.621"/>
  <testcase classname="tests.LoginLogoutTest100Times" name="executeLoginLogoutTest" time="7.680"/>
  <testcase classname="tests.LoginLogoutTest100Times" name="executeLoginLogoutTest" time="7.594"/>
  <testcase classname="tests.LoginLogoutTest100Times" name="executeLoginLogoutTest" time="7.668"/>
  <testcase classname="tests.LoginLogoutTest100Times" name="executeLoginLogoutTest" time="7.572"/>
  <testcase classname="tests.LoginLogoutTest100Times" name="executeLoginLogoutTest" time="7.762"/>
  <testcase classname="tests.LoginLogoutTest100Times" name="executeLoginLogoutTest" time="7.568"/>
  <testcase classname="tests.LoginLogoutTest100Times" name="executeLoginLogoutTest" time="7.761"/>
  <testcase classname="tests.LoginLogoutTest100Times" name="executeLoginLogoutTest" time="7.721"/>
  <testcase classname="tests.LoginLogoutTest100Times" name="executeLoginLogoutTest" time="7.762"/>
  <testcase classname="tests.LoginLogoutTest100Times" name="executeLoginLogoutTest" time="7.528"/>
  <testcase classname="tests.LoginLogoutTest100Times" name="executeLoginLogoutTest" time="7.595"/>
  <testcase classname="tests.LoginLogoutTest100Times" name="executeLoginLogoutTest" time="7.896"/>
  <testcase classname="tests.LoginLogoutTest100Times" name="executeLoginLogoutTest" time="7.646"/>
  <testcase classname="tests.LoginLogoutTest100Times" name="executeLoginLogoutTest" time="7.526"/>
  <testcase classname="tests.LoginLogoutTest100Times" name="executeLoginLogoutTest" time="7.718"/>
  <testcase classname="tests.LoginLogoutTest100Times" name="executeLoginLogoutTest" time="7.696"/>
  <testcase classname="tests.LoginLogoutTest100Times" name="executeLoginLogoutTest" time="7.564"/>
  <testcase classname="tests.LoginLogoutTest100Times" name="executeLoginLogoutTest" time="7.642"/>
  <testcase classname="tests.LoginLogoutTest100Times" name="executeLoginLogoutTest" time="7.625"/>
  <testcase classname="tests.LoginLogoutTest100Times" name="executeLoginLogoutTest" time="8.078"/>
  <testcase classname="tests.LoginLogoutTest100Times" name="executeLoginLogoutTest" time="7.595"/>
  <testcase classname="tests.LoginLogoutTest100Times" name="executeLoginLogoutTest" time="7.734"/>
  <testcase classname="tests.LoginLogoutTest100Times" name="executeLoginLogoutTest" time="7.833"/>
  <testcase classname="tests.LoginLogoutTest100Times" name="executeLoginLogoutTest" time="7.680"/>
  <testcase classname="tests.LoginLogoutTest100Times" name="executeLoginLogoutTest" time="7.622"/>
  <testcase classname="tests.LoginLogoutTest100Times" name="executeLoginLogoutTest" time="7.882"/>
  <testcase classname="tests.LoginLogoutTest100Times" name="executeLoginLogoutTest" time="10.796"/>
  <testcase classname="tests.LoginLogoutTest100Times" name="executeLoginLogoutTest" time="7.646"/>
  <testcase classname="tests.LoginLogoutTest100Times" name="executeLoginLogoutTest" time="7.867"/>
  <testcase classname="tests.LoginLogoutTest100Times" name="executeLoginLogoutTest" time="7.633"/>
  <testcase classname="tests.LoginLogoutTest100Times" name="executeLoginLogoutTest" time="7.530"/>
  <testcase classname="tests.LoginLogoutTest100Times" name="executeLoginLogoutTest" time="7.717"/>
  <testcase classname="tests.LoginLogoutTest100Times" name="executeLoginLogoutTest" time="7.551"/>
  <testcase classname="tests.LoginLogoutTest100Times" name="executeLoginLogoutTest" time="7.633"/>
  <testcase classname="tests.LoginLogoutTest100Times" name="executeLoginLogoutTest" time="7.710"/>
  <testcase classname="tests.LoginLogoutTest100Times" name="executeLoginLogoutTest" time="7.565"/>
  <testcase classname="tests.LoginLogoutTest100Times" name="executeLoginLogoutTest" time="7.604"/>
  <testcase classname="tests.LoginLogoutTest100Times" name="executeLoginLogoutTest" time="7.724"/>
  <testcase classname="tests.LoginLogoutTest100Times" name="executeLoginLogoutTest" time="7.631"/>
  <testcase classname="tests.LoginLogoutTest100Times" name="executeLoginLogoutTest" time="7.627"/>
  <testcase classname="tests.LoginLogoutTest100Times" name="executeLoginLogoutTest" time="7.626"/>
  <testcase classname="tests.LoginLogoutTest100Times" name="executeLoginLogoutTest" time="7.576"/>
  <testcase classname="tests.LoginLogoutTest100Times" name="executeLoginLogoutTest" time="7.666"/>
  <testcase classname="tests.LoginLogoutTest100Times" name="executeLoginLogoutTest" time="7.574"/>
  <testcase classname="tests.LoginLogoutTest100Times" name="executeLoginLogoutTest" time="7.603"/>
  <testcase classname="tests.LoginLogoutTest100Times" name="executeLoginLogoutTest" time="7.779"/>
  <testcase classname="tests.LoginLogoutTest100Times" name="executeLoginLogoutTest" time="7.752"/>
  <testcase classname="tests.LoginLogoutTest100Times" name="executeLoginLogoutTest" time="8.153"/>
  <testcase classname="tests.LoginLogoutTest100Times" name="executeLoginLogoutTest" time="7.567"/>
  <testcase classname="tests.LoginLogoutTest100Times" name="executeLoginLogoutTest" time="7.595"/>
  <testcase classname="tests.LoginLogoutTest100Times" name="executeLoginLogoutTest" time="7.593"/>
  <testcase classname="tests.LoginLogoutTest100Times" name="executeLoginLogoutTest" time="7.598"/>
  <testcase classname="tests.LoginLogoutTest100Times" name="executeLoginLogoutTest" time="7.716"/>
  <testcase classname="tests.LoginLogoutTest100Times" name="executeLoginLogoutTest" time="7.701"/>
  <testcase classname="tests.LoginLogoutTest100Times" name="executeLoginLogoutTest" time="10.068"/>
  <testcase classname="tests.LoginLogoutTest100Times" name="executeLoginLogoutTest" time="7.652"/>
  <testcase classname="tests.LoginLogoutTest100Times" name="executeLoginLogoutTest" time="7.627"/>
  <testcase classname="tests.LoginLogoutTest100Times" name="executeLoginLogoutTest" time="7.567"/>
  <testcase classname="tests.LoginLogoutTest100Times" name="executeLoginLogoutTest" time="7.566"/>
  <testcase classname="tests.LoginLogoutTest100Times" name="executeLoginLogoutTest" time="7.549"/>
  <testcase classname="tests.LoginLogoutTest100Times" name="executeLoginLogoutTest" time="7.595"/>
  <testcase classname="tests.LoginLogoutTest100Times" name="executeLoginLogoutTest" time="7.634"/>
  <testcase classname="tests.LoginLogoutTest100Times" name="executeLoginLogoutTest" time="7.699"/>
  <testcase classname="tests.LoginLogoutTest100Times" name="executeLoginLogoutTest" time="7.640"/>
  <testcase classname="tests.LoginLogoutTest100Times" name="executeLoginLogoutTest" time="7.604"/>
  <testcase classname="tests.LoginLogoutTest100Times" name="executeLoginLogoutTest" time="7.670"/>
  <testcase classname="tests.LoginLogoutTest100Times" name="executeLoginLogoutTest" time="7.683"/>
  <testcase classname="tests.LoginLogoutTest100Times" name="executeLoginLogoutTest" time="7.725"/>
  <testcase classname="tests.LoginLogoutTest100Times" name="executeLoginLogoutTest" time="7.613"/>
  <testcase classname="tests.LoginLogoutTest100Times" name="executeLoginLogoutTest" time="7.643"/>
  <testcase classname="tests.LoginLogoutTest100Times" name="executeLoginLogoutTest" time="7.711"/>
  <testcase classname="tests.LoginLogoutTest100Times" name="executeLoginLogoutTest" time="7.587"/>
  <testcase classname="tests.LoginLogoutTest100Times" name="executeLoginLogoutTest" time="7.650"/>
  <testcase classname="tests.LoginLogoutTest100Times" name="executeLoginLogoutTest" time="7.640"/>
  <testcase classname="tests.LoginLogoutTest100Times" name="executeLoginLogoutTest" time="7.571"/>
  <testcase classname="tests.LoginLogoutTest100Times" name="executeLoginLogoutTest" time="7.657"/>
  <testcase classname="tests.LoginLogoutTest100Times" name="executeLoginLogoutTest" time="7.650"/>
  <testcase classname="tests.LoginLogoutTest100Times" name="executeLoginLogoutTest" time="7.679"/>
  <testcase classname="tests.LoginLogoutTest100Times" name="executeLoginLogoutTest" time="7.616"/>
  <testcase classname="tests.LoginLogoutTest100Times" name="executeLoginLogoutTest" time="7.610"/>
  <testcase classname="tests.LoginLogoutTest100Times" name="executeLoginLogoutTest" time="7.728"/>
  <testcase classname="tests.LoginLogoutTest100Times" name="executeLoginLogoutTest" time="7.587"/>
  <testcase classname="tests.LoginLogoutTest100Times" name="executeLoginLogoutTest" time="7.651"/>
  <testcase classname="tests.LoginLogoutTest100Times" name="executeLoginLogoutTest" time="7.679"/>
  <testcase classname="tests.LoginLogoutTest100Times" name="executeLoginLogoutTest" time="7.707"/>
  <testcase classname="tests.LoginLogoutTest100Times" name="executeLoginLogoutTest" time="7.709"/>
  <testcase classname="tests.LoginLogoutTest100Times" name="executeLoginLogoutTest" time="7.849"/>
  <testcase classname="tests.LoginLogoutTest100Times" name="executeLoginLogoutTest" time="7.717"/>
  <testcase classname="tests.LoginLogoutTest100Times" name="executeLoginLogoutTest" time="7.590"/>
  <testcase classname="tests.LoginLogoutTest100Times" name="executeLoginLogoutTest" time="7.656"/>
  <testcase classname="tests.LoginLogoutTest100Times" name="executeLoginLogoutTest" time="7.579"/>
  <testcase classname="tests.LoginLogoutTest100Times" name="executeLoginLogoutTest" time="7.688"/>
  <testcase classname="tests.LoginLogoutTest100Times" name="executeLoginLogoutTest" time="7.662"/>
  <testcase classname="tests.LoginLogoutTest100Times" name="executeLoginLogoutTest" time="7.831"/>
  <testcase classname="tests.LoginLogoutTest100Times" name="executeLoginLogoutTest" time="7.545"/>
</testsuite> <!-- tests.LoginLogoutTest100Times -->
