<?xml version="1.0" encoding="UTF-8"?>
<!-- Generated by org.testng.reporters.JUnitReportReporter -->
<testsuite hostname="ASHWIN" failures="0" tests="1" name="tests.ParentDairy3" time="29.389" errors="0" timestamp="2024-01-10T14:23:35 IST" skipped="0">
  <testcase classname="tests.ParentDairy3" name="viewDiary" time="29.389"/>
</testsuite> <!-- tests.ParentDairy3 -->
