<?xml version="1.0" encoding="UTF-8"?>
<!-- Generated by org.testng.reporters.JUnitReportReporter -->
<testsuite hostname="ASHWIN" failures="0" tests="501" name="tests.DairyRefresh2" time="636.386" errors="1" timestamp="2024-01-10T16:32:13 IST" skipped="0">
  <testcase classname="tests.DairyRefresh2" name="viewDiary" time="1.619"/>
  <testcase classname="tests.DairyRefresh2" name="viewDiary" time="0.376"/>
  <testcase classname="tests.DairyRefresh2" name="viewDiary" time="2.269"/>
  <testcase classname="tests.DairyRefresh2" name="viewDiary" time="2.115"/>
  <testcase classname="tests.DairyRefresh2" name="viewDiary" time="1.046"/>
  <testcase classname="tests.DairyRefresh2" name="viewDiary" time="0.663"/>
  <testcase classname="tests.DairyRefresh2" name="viewDiary" time="1.653"/>
  <testcase classname="tests.DairyRefresh2" name="viewDiary" time="2.056"/>
  <testcase classname="tests.DairyRefresh2" name="viewDiary" time="1.641"/>
  <testcase classname="tests.DairyRefresh2" name="viewDiary" time="1.923"/>
  <testcase classname="tests.DairyRefresh2" name="viewDiary" time="0.290"/>
  <testcase classname="tests.DairyRefresh2" name="viewDiary" time="0.537"/>
  <testcase classname="tests.DairyRefresh2" name="viewDiary" time="1.826"/>
  <testcase classname="tests.DairyRefresh2" name="viewDiary" time="0.373"/>
  <testcase classname="tests.DairyRefresh2" name="viewDiary" time="2.023"/>
  <testcase classname="tests.DairyRefresh2" name="viewDiary" time="1.989"/>
  <testcase classname="tests.DairyRefresh2" name="viewDiary" time="1.946"/>
  <testcase classname="tests.DairyRefresh2" name="viewDiary" time="2.078"/>
  <testcase classname="tests.DairyRefresh2" name="viewDiary" time="0.303"/>
  <testcase classname="tests.DairyRefresh2" name="viewDiary" time="1.685"/>
  <testcase classname="tests.DairyRefresh2" name="viewDiary" time="0.434"/>
  <testcase classname="tests.DairyRefresh2" name="viewDiary" time="1.896"/>
  <testcase classname="tests.DairyRefresh2" name="viewDiary" time="0.657"/>
  <testcase classname="tests.DairyRefresh2" name="viewDiary" time="0.749"/>
  <testcase classname="tests.DairyRefresh2" name="viewDiary" time="1.859"/>
  <testcase classname="tests.DairyRefresh2" name="viewDiary" time="2.005"/>
  <testcase classname="tests.DairyRefresh2" name="viewDiary" time="0.496"/>
  <testcase classname="tests.DairyRefresh2" name="viewDiary" time="2.222"/>
  <testcase classname="tests.DairyRefresh2" name="viewDiary" time="0.422"/>
  <testcase classname="tests.DairyRefresh2" name="viewDiary" time="1.657"/>
  <testcase classname="tests.DairyRefresh2" name="viewDiary" time="0.679"/>
  <testcase classname="tests.DairyRefresh2" name="viewDiary" time="0.683"/>
  <testcase classname="tests.DairyRefresh2" name="viewDiary" time="2.143"/>
  <testcase classname="tests.DairyRefresh2" name="viewDiary" time="1.857"/>
  <testcase classname="tests.DairyRefresh2" name="viewDiary" time="0.713"/>
  <testcase classname="tests.DairyRefresh2" name="viewDiary" time="0.452"/>
  <testcase classname="tests.DairyRefresh2" name="viewDiary" time="0.861"/>
  <testcase classname="tests.DairyRefresh2" name="viewDiary" time="0.994"/>
  <testcase classname="tests.DairyRefresh2" name="viewDiary" time="0.763"/>
  <testcase classname="tests.DairyRefresh2" name="viewDiary" time="1.840"/>
  <testcase classname="tests.DairyRefresh2" name="viewDiary" time="1.098"/>
  <testcase classname="tests.DairyRefresh2" name="viewDiary" time="0.264"/>
  <testcase classname="tests.DairyRefresh2" name="viewDiary" time="1.688"/>
  <testcase classname="tests.DairyRefresh2" name="viewDiary" time="2.096"/>
  <testcase classname="tests.DairyRefresh2" name="viewDiary" time="1.810"/>
  <testcase classname="tests.DairyRefresh2" name="viewDiary" time="2.252"/>
  <testcase classname="tests.DairyRefresh2" name="viewDiary" time="0.271"/>
  <testcase classname="tests.DairyRefresh2" name="viewDiary" time="0.422"/>
  <testcase classname="tests.DairyRefresh2" name="viewDiary" time="2.256"/>
  <testcase classname="tests.DairyRefresh2" name="viewDiary" time="0.539"/>
  <testcase classname="tests.DairyRefresh2" name="viewDiary" time="1.832"/>
  <testcase classname="tests.DairyRefresh2" name="viewDiary" time="0.509"/>
  <testcase classname="tests.DairyRefresh2" name="viewDiary" time="0.364"/>
  <testcase classname="tests.DairyRefresh2" name="viewDiary" time="2.240"/>
  <testcase classname="tests.DairyRefresh2" name="viewDiary" time="2.038"/>
  <testcase classname="tests.DairyRefresh2" name="viewDiary" time="0.430"/>
  <testcase classname="tests.DairyRefresh2" name="viewDiary" time="0.349"/>
  <testcase classname="tests.DairyRefresh2" name="viewDiary" time="0.269"/>
  <testcase classname="tests.DairyRefresh2" name="viewDiary" time="2.068"/>
  <testcase classname="tests.DairyRefresh2" name="viewDiary" time="0.687"/>
  <testcase classname="tests.DairyRefresh2" name="viewDiary" time="1.913"/>
  <testcase classname="tests.DairyRefresh2" name="viewDiary" time="2.148"/>
  <testcase classname="tests.DairyRefresh2" name="viewDiary" time="1.867"/>
  <testcase classname="tests.DairyRefresh2" name="viewDiary" time="0.351"/>
  <testcase classname="tests.DairyRefresh2" name="viewDiary" time="1.622"/>
  <testcase classname="tests.DairyRefresh2" name="viewDiary" time="0.665"/>
  <testcase classname="tests.DairyRefresh2" name="viewDiary" time="0.448"/>
  <testcase classname="tests.DairyRefresh2" name="viewDiary" time="2.164"/>
  <testcase classname="tests.DairyRefresh2" name="viewDiary" time="1.952"/>
  <testcase classname="tests.DairyRefresh2" name="viewDiary" time="2.139"/>
  <testcase classname="tests.DairyRefresh2" name="viewDiary" time="1.887"/>
  <testcase classname="tests.DairyRefresh2" name="viewDiary" time="2.218"/>
  <testcase classname="tests.DairyRefresh2" name="viewDiary" time="1.581"/>
  <testcase classname="tests.DairyRefresh2" name="viewDiary" time="1.903"/>
  <testcase classname="tests.DairyRefresh2" name="viewDiary" time="2.155"/>
  <testcase classname="tests.DairyRefresh2" name="viewDiary" time="0.460"/>
  <testcase classname="tests.DairyRefresh2" name="viewDiary" time="1.649"/>
  <testcase classname="tests.DairyRefresh2" name="viewDiary" time="1.992"/>
  <testcase classname="tests.DairyRefresh2" name="viewDiary" time="1.567"/>
  <testcase classname="tests.DairyRefresh2" name="viewDiary" time="0.692"/>
  <testcase classname="tests.DairyRefresh2" name="viewDiary" time="1.580"/>
  <testcase classname="tests.DairyRefresh2" name="viewDiary" time="2.059"/>
  <testcase classname="tests.DairyRefresh2" name="viewDiary" time="0.494"/>
  <testcase classname="tests.DairyRefresh2" name="viewDiary" time="2.078"/>
  <testcase classname="tests.DairyRefresh2" name="viewDiary" time="0.736"/>
  <testcase classname="tests.DairyRefresh2" name="viewDiary" time="0.413"/>
  <testcase classname="tests.DairyRefresh2" name="viewDiary" time="2.270"/>
  <testcase classname="tests.DairyRefresh2" name="viewDiary" time="1.444"/>
  <testcase classname="tests.DairyRefresh2" name="viewDiary" time="0.273"/>
  <testcase classname="tests.DairyRefresh2" name="viewDiary" time="1.868"/>
  <testcase classname="tests.DairyRefresh2" name="viewDiary" time="1.519"/>
  <testcase classname="tests.DairyRefresh2" name="viewDiary" time="2.016"/>
  <testcase classname="tests.DairyRefresh2" name="viewDiary" time="0.436"/>
  <testcase classname="tests.DairyRefresh2" name="viewDiary" time="0.713"/>
  <testcase classname="tests.DairyRefresh2" name="viewDiary" time="1.610"/>
  <testcase classname="tests.DairyRefresh2" name="viewDiary" time="0.447"/>
  <testcase classname="tests.DairyRefresh2" name="viewDiary" time="0.446"/>
  <testcase classname="tests.DairyRefresh2" name="viewDiary" time="2.225"/>
  <testcase classname="tests.DairyRefresh2" name="viewDiary" time="0.305"/>
  <testcase classname="tests.DairyRefresh2" name="viewDiary" time="0.491"/>
  <testcase classname="tests.DairyRefresh2" name="viewDiary" time="1.020"/>
  <testcase classname="tests.DairyRefresh2" name="viewDiary" time="2.152"/>
  <testcase classname="tests.DairyRefresh2" name="viewDiary" time="1.872"/>
  <testcase classname="tests.DairyRefresh2" name="viewDiary" time="0.601"/>
  <testcase classname="tests.DairyRefresh2" name="viewDiary" time="2.012"/>
  <testcase classname="tests.DairyRefresh2" name="viewDiary" time="0.299"/>
  <testcase classname="tests.DairyRefresh2" name="viewDiary" time="0.490"/>
  <testcase classname="tests.DairyRefresh2" name="viewDiary" time="0.845"/>
  <testcase classname="tests.DairyRefresh2" name="viewDiary" time="0.502"/>
  <testcase classname="tests.DairyRefresh2" name="viewDiary" time="1.874"/>
  <testcase classname="tests.DairyRefresh2" name="viewDiary" time="2.149"/>
  <testcase classname="tests.DairyRefresh2" name="viewDiary" time="1.900"/>
  <testcase classname="tests.DairyRefresh2" name="viewDiary" time="0.735"/>
  <testcase classname="tests.DairyRefresh2" name="viewDiary" time="1.845"/>
  <testcase classname="tests.DairyRefresh2" name="viewDiary" time="0.926"/>
  <testcase classname="tests.DairyRefresh2" name="viewDiary" time="2.116"/>
  <testcase classname="tests.DairyRefresh2" name="viewDiary" time="0.500"/>
  <testcase classname="tests.DairyRefresh2" name="viewDiary" time="2.119"/>
  <testcase classname="tests.DairyRefresh2" name="viewDiary" time="0.412"/>
  <testcase classname="tests.DairyRefresh2" name="viewDiary" time="0.236"/>
  <testcase classname="tests.DairyRefresh2" name="viewDiary" time="2.233"/>
  <testcase classname="tests.DairyRefresh2" name="viewDiary" time="0.911"/>
  <testcase classname="tests.DairyRefresh2" name="viewDiary" time="1.698"/>
  <testcase classname="tests.DairyRefresh2" name="viewDiary" time="0.490"/>
  <testcase classname="tests.DairyRefresh2" name="viewDiary" time="1.886"/>
  <testcase classname="tests.DairyRefresh2" name="viewDiary" time="2.048"/>
  <testcase classname="tests.DairyRefresh2" name="viewDiary" time="0.311"/>
  <testcase classname="tests.DairyRefresh2" name="viewDiary" time="0.385"/>
  <testcase classname="tests.DairyRefresh2" name="viewDiary" time="0.599"/>
  <testcase classname="tests.DairyRefresh2" name="viewDiary" time="0.537"/>
  <testcase classname="tests.DairyRefresh2" name="viewDiary" time="2.063"/>
  <testcase classname="tests.DairyRefresh2" name="viewDiary" time="0.370"/>
  <testcase classname="tests.DairyRefresh2" name="viewDiary" time="1.879"/>
  <testcase classname="tests.DairyRefresh2" name="viewDiary" time="0.284"/>
  <testcase classname="tests.DairyRefresh2" name="viewDiary" time="1.957"/>
  <testcase classname="tests.DairyRefresh2" name="viewDiary" time="0.745"/>
  <testcase classname="tests.DairyRefresh2" name="viewDiary" time="0.689"/>
  <testcase classname="tests.DairyRefresh2" name="viewDiary" time="1.835"/>
  <testcase classname="tests.DairyRefresh2" name="viewDiary" time="0.276"/>
  <testcase classname="tests.DairyRefresh2" name="viewDiary" time="1.815"/>
  <testcase classname="tests.DairyRefresh2" name="viewDiary" time="0.673"/>
  <testcase classname="tests.DairyRefresh2" name="viewDiary" time="1.935"/>
  <testcase classname="tests.DairyRefresh2" name="viewDiary" time="2.082"/>
  <testcase classname="tests.DairyRefresh2" name="viewDiary" time="0.520"/>
  <testcase classname="tests.DairyRefresh2" name="viewDiary" time="1.852"/>
  <testcase classname="tests.DairyRefresh2" name="viewDiary" time="0.455"/>
  <testcase classname="tests.DairyRefresh2" name="viewDiary" time="2.080"/>
  <testcase classname="tests.DairyRefresh2" name="viewDiary" time="0.631"/>
  <testcase classname="tests.DairyRefresh2" name="viewDiary" time="2.162"/>
  <testcase classname="tests.DairyRefresh2" name="viewDiary" time="0.927"/>
  <testcase classname="tests.DairyRefresh2" name="viewDiary" time="0.498"/>
  <testcase classname="tests.DairyRefresh2" name="viewDiary" time="0.431"/>
  <testcase classname="tests.DairyRefresh2" name="viewDiary" time="0.985"/>
  <testcase classname="tests.DairyRefresh2" name="viewDiary" time="2.049"/>
  <testcase classname="tests.DairyRefresh2" name="viewDiary" time="2.357"/>
  <testcase classname="tests.DairyRefresh2" name="viewDiary" time="0.541"/>
  <testcase classname="tests.DairyRefresh2" name="viewDiary" time="2.148"/>
  <testcase classname="tests.DairyRefresh2" name="viewDiary" time="0.831"/>
  <testcase classname="tests.DairyRefresh2" name="viewDiary" time="0.313"/>
  <testcase classname="tests.DairyRefresh2" name="viewDiary" time="1.519"/>
  <testcase classname="tests.DairyRefresh2" name="viewDiary" time="0.992"/>
  <testcase classname="tests.DairyRefresh2" name="viewDiary" time="2.205"/>
  <testcase classname="tests.DairyRefresh2" name="viewDiary" time="1.413"/>
  <testcase classname="tests.DairyRefresh2" name="viewDiary" time="2.056"/>
  <testcase classname="tests.DairyRefresh2" name="viewDiary" time="2.014"/>
  <testcase classname="tests.DairyRefresh2" name="viewDiary" time="2.276"/>
  <testcase classname="tests.DairyRefresh2" name="viewDiary" time="1.853"/>
  <testcase classname="tests.DairyRefresh2" name="viewDiary" time="2.021"/>
  <testcase classname="tests.DairyRefresh2" name="viewDiary" time="1.681"/>
  <testcase classname="tests.DairyRefresh2" name="viewDiary" time="0.675"/>
  <testcase classname="tests.DairyRefresh2" name="viewDiary" time="1.900"/>
  <testcase classname="tests.DairyRefresh2" name="viewDiary" time="2.134"/>
  <testcase classname="tests.DairyRefresh2" name="viewDiary" time="1.862"/>
  <testcase classname="tests.DairyRefresh2" name="viewDiary" time="2.136"/>
  <testcase classname="tests.DairyRefresh2" name="viewDiary" time="2.144"/>
  <testcase classname="tests.DairyRefresh2" name="viewDiary" time="2.165"/>
  <testcase classname="tests.DairyRefresh2" name="viewDiary" time="0.283"/>
  <testcase classname="tests.DairyRefresh2" name="viewDiary" time="0.278"/>
  <testcase classname="tests.DairyRefresh2" name="viewDiary" time="0.436"/>
  <testcase classname="tests.DairyRefresh2" name="viewDiary" time="1.956"/>
  <testcase classname="tests.DairyRefresh2" name="viewDiary" time="0.742"/>
  <testcase classname="tests.DairyRefresh2" name="viewDiary" time="1.370"/>
  <testcase classname="tests.DairyRefresh2" name="viewDiary" time="2.083"/>
  <testcase classname="tests.DairyRefresh2" name="viewDiary" time="0.590"/>
  <testcase classname="tests.DairyRefresh2" name="viewDiary" time="0.552"/>
  <testcase classname="tests.DairyRefresh2" name="viewDiary" time="1.836"/>
  <testcase classname="tests.DairyRefresh2" name="viewDiary" time="2.156"/>
  <testcase classname="tests.DairyRefresh2" name="viewDiary" time="0.468"/>
  <testcase classname="tests.DairyRefresh2" name="viewDiary" time="0.442"/>
  <testcase classname="tests.DairyRefresh2" name="viewDiary" time="0.614"/>
  <testcase classname="tests.DairyRefresh2" name="viewDiary" time="1.994"/>
  <testcase classname="tests.DairyRefresh2" name="viewDiary" time="0.479"/>
  <testcase classname="tests.DairyRefresh2" name="viewDiary" time="0.490"/>
  <testcase classname="tests.DairyRefresh2" name="viewDiary" time="2.266"/>
  <testcase classname="tests.DairyRefresh2" name="viewDiary" time="2.057"/>
  <testcase classname="tests.DairyRefresh2" name="viewDiary" time="2.231"/>
  <testcase classname="tests.DairyRefresh2" name="viewDiary" time="0.785"/>
  <testcase classname="tests.DairyRefresh2" name="viewDiary" time="1.862"/>
  <testcase classname="tests.DairyRefresh2" name="viewDiary" time="1.819"/>
  <testcase classname="tests.DairyRefresh2" name="viewDiary" time="0.363"/>
  <testcase classname="tests.DairyRefresh2" name="viewDiary" time="1.861"/>
  <testcase classname="tests.DairyRefresh2" name="viewDiary" time="1.846"/>
  <testcase classname="tests.DairyRefresh2" name="viewDiary" time="2.517"/>
  <testcase classname="tests.DairyRefresh2" name="viewDiary" time="0.379"/>
  <testcase classname="tests.DairyRefresh2" name="viewDiary" time="0.882"/>
  <testcase classname="tests.DairyRefresh2" name="viewDiary" time="0.458"/>
  <testcase classname="tests.DairyRefresh2" name="viewDiary" time="2.132"/>
  <testcase classname="tests.DairyRefresh2" name="viewDiary" time="1.854"/>
  <testcase classname="tests.DairyRefresh2" name="viewDiary" time="0.835"/>
  <testcase classname="tests.DairyRefresh2" name="viewDiary" time="1.834"/>
  <testcase classname="tests.DairyRefresh2" name="viewDiary" time="1.096"/>
  <testcase classname="tests.DairyRefresh2" name="viewDiary" time="0.851"/>
  <testcase classname="tests.DairyRefresh2" name="viewDiary" time="0.643"/>
  <testcase classname="tests.DairyRefresh2" name="viewDiary" time="0.903"/>
  <testcase classname="tests.DairyRefresh2" name="viewDiary" time="2.121"/>
  <testcase classname="tests.DairyRefresh2" name="viewDiary" time="0.620"/>
  <testcase classname="tests.DairyRefresh2" name="viewDiary" time="2.166"/>
  <testcase classname="tests.DairyRefresh2" name="viewDiary" time="0.724"/>
  <testcase classname="tests.DairyRefresh2" name="viewDiary" time="0.688"/>
  <testcase classname="tests.DairyRefresh2" name="viewDiary" time="0.923"/>
  <testcase classname="tests.DairyRefresh2" name="viewDiary" time="0.676"/>
  <testcase classname="tests.DairyRefresh2" name="viewDiary" time="1.926"/>
  <testcase classname="tests.DairyRefresh2" name="viewDiary" time="2.114"/>
  <testcase classname="tests.DairyRefresh2" name="viewDiary" time="0.731"/>
  <testcase classname="tests.DairyRefresh2" name="viewDiary" time="1.831"/>
  <testcase classname="tests.DairyRefresh2" name="viewDiary" time="1.873"/>
  <testcase classname="tests.DairyRefresh2" name="viewDiary" time="0.382"/>
  <testcase classname="tests.DairyRefresh2" name="viewDiary" time="2.168"/>
  <testcase classname="tests.DairyRefresh2" name="viewDiary" time="1.751"/>
  <testcase classname="tests.DairyRefresh2" name="viewDiary" time="2.241"/>
  <testcase classname="tests.DairyRefresh2" name="viewDiary" time="1.953"/>
  <testcase classname="tests.DairyRefresh2" name="viewDiary" time="1.947"/>
  <testcase classname="tests.DairyRefresh2" name="viewDiary" time="0.507"/>
  <testcase classname="tests.DairyRefresh2" name="viewDiary" time="0.607"/>
  <testcase classname="tests.DairyRefresh2" name="viewDiary" time="2.254"/>
  <testcase classname="tests.DairyRefresh2" name="viewDiary" time="2.057"/>
  <testcase classname="tests.DairyRefresh2" name="viewDiary" time="0.454"/>
  <testcase classname="tests.DairyRefresh2" name="viewDiary" time="2.130"/>
  <testcase classname="tests.DairyRefresh2" name="viewDiary" time="2.049"/>
  <testcase classname="tests.DairyRefresh2" name="viewDiary" time="0.523"/>
  <testcase classname="tests.DairyRefresh2" name="viewDiary" time="1.626"/>
  <testcase classname="tests.DairyRefresh2" name="viewDiary" time="0.671"/>
  <testcase classname="tests.DairyRefresh2" name="viewDiary" time="0.378"/>
  <testcase classname="tests.DairyRefresh2" name="viewDiary" time="1.474"/>
  <testcase classname="tests.DairyRefresh2" name="viewDiary" time="2.039"/>
  <testcase classname="tests.DairyRefresh2" name="viewDiary" time="2.054"/>
  <testcase classname="tests.DairyRefresh2" name="viewDiary" time="0.688"/>
  <testcase classname="tests.DairyRefresh2" name="viewDiary" time="0.712"/>
  <testcase classname="tests.DairyRefresh2" name="viewDiary" time="2.008"/>
  <testcase classname="tests.DairyRefresh2" name="viewDiary" time="1.565"/>
  <testcase classname="tests.DairyRefresh2" name="viewDiary" time="0.556"/>
  <testcase classname="tests.DairyRefresh2" name="viewDiary" time="0.800"/>
  <testcase classname="tests.DairyRefresh2" name="viewDiary" time="0.398"/>
  <testcase classname="tests.DairyRefresh2" name="viewDiary" time="0.364"/>
  <testcase classname="tests.DairyRefresh2" name="viewDiary" time="1.593"/>
  <testcase classname="tests.DairyRefresh2" name="viewDiary" time="0.698"/>
  <testcase classname="tests.DairyRefresh2" name="viewDiary" time="2.075"/>
  <testcase classname="tests.DairyRefresh2" name="viewDiary" time="0.601"/>
  <testcase classname="tests.DairyRefresh2" name="viewDiary" time="1.903"/>
  <testcase classname="tests.DairyRefresh2" name="viewDiary" time="1.585"/>
  <testcase classname="tests.DairyRefresh2" name="viewDiary" time="2.062"/>
  <testcase classname="tests.DairyRefresh2" name="viewDiary" time="0.708"/>
  <testcase classname="tests.DairyRefresh2" name="viewDiary" time="0.939"/>
  <testcase classname="tests.DairyRefresh2" name="viewDiary" time="0.261"/>
  <testcase classname="tests.DairyRefresh2" name="viewDiary" time="1.113"/>
  <testcase classname="tests.DairyRefresh2" name="viewDiary" time="1.525"/>
  <testcase classname="tests.DairyRefresh2" name="viewDiary" time="2.522"/>
  <testcase classname="tests.DairyRefresh2" name="viewDiary" time="1.831"/>
  <testcase classname="tests.DairyRefresh2" name="viewDiary" time="2.157"/>
  <testcase classname="tests.DairyRefresh2" name="viewDiary" time="0.698"/>
  <testcase classname="tests.DairyRefresh2" name="viewDiary" time="2.248"/>
  <testcase classname="tests.DairyRefresh2" name="viewDiary" time="0.395"/>
  <testcase classname="tests.DairyRefresh2" name="viewDiary" time="0.654"/>
  <testcase classname="tests.DairyRefresh2" name="viewDiary" time="1.810"/>
  <testcase classname="tests.DairyRefresh2" name="viewDiary" time="1.020"/>
  <testcase classname="tests.DairyRefresh2" name="viewDiary" time="1.918"/>
  <testcase classname="tests.DairyRefresh2" name="viewDiary" time="2.162"/>
  <testcase classname="tests.DairyRefresh2" name="viewDiary" time="0.407"/>
  <testcase classname="tests.DairyRefresh2" name="viewDiary" time="0.765"/>
  <testcase classname="tests.DairyRefresh2" name="viewDiary" time="2.066"/>
  <testcase classname="tests.DairyRefresh2" name="viewDiary" time="1.958"/>
  <testcase classname="tests.DairyRefresh2" name="viewDiary" time="1.930"/>
  <testcase classname="tests.DairyRefresh2" name="viewDiary" time="0.900"/>
  <testcase classname="tests.DairyRefresh2" name="viewDiary" time="1.673"/>
  <testcase classname="tests.DairyRefresh2" name="viewDiary" time="0.925"/>
  <testcase classname="tests.DairyRefresh2" name="viewDiary" time="0.480"/>
  <testcase classname="tests.DairyRefresh2" name="viewDiary" time="0.997"/>
  <testcase classname="tests.DairyRefresh2" name="viewDiary" time="1.803"/>
  <testcase classname="tests.DairyRefresh2" name="viewDiary" time="0.733"/>
  <testcase classname="tests.DairyRefresh2" name="viewDiary" time="2.095"/>
  <testcase classname="tests.DairyRefresh2" name="viewDiary" time="0.717"/>
  <testcase classname="tests.DairyRefresh2" name="viewDiary" time="1.136"/>
  <testcase classname="tests.DairyRefresh2" name="viewDiary" time="0.454"/>
  <testcase classname="tests.DairyRefresh2" name="viewDiary" time="0.383"/>
  <testcase classname="tests.DairyRefresh2" name="viewDiary" time="0.563"/>
  <testcase classname="tests.DairyRefresh2" name="viewDiary" time="0.510"/>
  <testcase classname="tests.DairyRefresh2" name="viewDiary" time="0.499"/>
  <testcase classname="tests.DairyRefresh2" name="viewDiary" time="0.838"/>
  <testcase classname="tests.DairyRefresh2" name="viewDiary" time="0.730"/>
  <testcase classname="tests.DairyRefresh2" name="viewDiary" time="1.848"/>
  <testcase classname="tests.DairyRefresh2" name="viewDiary" time="0.609"/>
  <testcase classname="tests.DairyRefresh2" name="viewDiary" time="0.462"/>
  <testcase classname="tests.DairyRefresh2" name="viewDiary" time="2.048"/>
  <testcase classname="tests.DairyRefresh2" name="viewDiary" time="2.005"/>
  <testcase classname="tests.DairyRefresh2" name="viewDiary" time="0.788"/>
  <testcase classname="tests.DairyRefresh2" name="viewDiary" time="1.453"/>
  <testcase classname="tests.DairyRefresh2" name="viewDiary" time="0.464"/>
  <testcase classname="tests.DairyRefresh2" name="viewDiary" time="1.819"/>
  <testcase classname="tests.DairyRefresh2" name="viewDiary" time="0.584"/>
  <testcase classname="tests.DairyRefresh2" name="viewDiary" time="2.238"/>
  <testcase classname="tests.DairyRefresh2" name="viewDiary" time="1.430"/>
  <testcase classname="tests.DairyRefresh2" name="viewDiary" time="2.256"/>
  <testcase classname="tests.DairyRefresh2" name="viewDiary" time="2.238"/>
  <testcase classname="tests.DairyRefresh2" name="viewDiary" time="0.533"/>
  <testcase classname="tests.DairyRefresh2" name="viewDiary" time="1.506"/>
  <testcase classname="tests.DairyRefresh2" name="viewDiary" time="0.517"/>
  <testcase classname="tests.DairyRefresh2" name="viewDiary" time="0.974"/>
  <testcase classname="tests.DairyRefresh2" name="viewDiary" time="0.292"/>
  <testcase classname="tests.DairyRefresh2" name="viewDiary" time="2.267"/>
  <testcase classname="tests.DairyRefresh2" name="viewDiary" time="2.238"/>
  <testcase classname="tests.DairyRefresh2" name="viewDiary" time="0.268"/>
  <testcase classname="tests.DairyRefresh2" name="viewDiary" time="2.035"/>
  <testcase classname="tests.DairyRefresh2" name="viewDiary" time="0.679"/>
  <testcase classname="tests.DairyRefresh2" name="viewDiary" time="0.407"/>
  <testcase classname="tests.DairyRefresh2" name="viewDiary" time="0.311"/>
  <testcase classname="tests.DairyRefresh2" name="viewDiary" time="1.596"/>
  <testcase classname="tests.DairyRefresh2" name="viewDiary" time="1.828"/>
  <testcase classname="tests.DairyRefresh2" name="viewDiary" time="1.556"/>
  <testcase classname="tests.DairyRefresh2" name="viewDiary" time="2.026"/>
  <testcase classname="tests.DairyRefresh2" name="viewDiary" time="2.224"/>
  <testcase classname="tests.DairyRefresh2" name="viewDiary" time="0.258"/>
  <testcase classname="tests.DairyRefresh2" name="viewDiary" time="0.719"/>
  <testcase classname="tests.DairyRefresh2" name="viewDiary" time="0.491"/>
  <testcase classname="tests.DairyRefresh2" name="viewDiary" time="1.775"/>
  <testcase classname="tests.DairyRefresh2" name="viewDiary" time="2.010"/>
  <testcase classname="tests.DairyRefresh2" name="viewDiary" time="0.994"/>
  <testcase classname="tests.DairyRefresh2" name="viewDiary" time="1.829"/>
  <testcase classname="tests.DairyRefresh2" name="viewDiary" time="0.281"/>
  <testcase classname="tests.DairyRefresh2" name="viewDiary" time="0.457"/>
  <testcase classname="tests.DairyRefresh2" name="viewDiary" time="0.868"/>
  <testcase classname="tests.DairyRefresh2" name="viewDiary" time="1.838"/>
  <testcase classname="tests.DairyRefresh2" name="viewDiary" time="2.094"/>
  <testcase classname="tests.DairyRefresh2" name="viewDiary" time="0.567"/>
  <testcase classname="tests.DairyRefresh2" name="viewDiary" time="1.823"/>
  <testcase classname="tests.DairyRefresh2" name="viewDiary" time="0.584"/>
  <testcase classname="tests.DairyRefresh2" name="viewDiary" time="1.825"/>
  <testcase classname="tests.DairyRefresh2" name="viewDiary" time="0.683"/>
  <testcase classname="tests.DairyRefresh2" name="viewDiary" time="1.601"/>
  <testcase classname="tests.DairyRefresh2" name="viewDiary" time="0.452"/>
  <testcase classname="tests.DairyRefresh2" name="viewDiary" time="0.239"/>
  <testcase classname="tests.DairyRefresh2" name="viewDiary" time="2.231"/>
  <testcase classname="tests.DairyRefresh2" name="viewDiary" time="0.340"/>
  <testcase classname="tests.DairyRefresh2" name="viewDiary" time="0.765"/>
  <testcase classname="tests.DairyRefresh2" name="viewDiary" time="0.525"/>
  <testcase classname="tests.DairyRefresh2" name="viewDiary" time="0.274"/>
  <testcase classname="tests.DairyRefresh2" name="viewDiary" time="1.688"/>
  <testcase classname="tests.DairyRefresh2" name="viewDiary" time="2.092"/>
  <testcase classname="tests.DairyRefresh2" name="viewDiary" time="1.076"/>
  <testcase classname="tests.DairyRefresh2" name="viewDiary" time="0.703"/>
  <testcase classname="tests.DairyRefresh2" name="viewDiary" time="0.697"/>
  <testcase classname="tests.DairyRefresh2" name="viewDiary" time="0.462"/>
  <testcase classname="tests.DairyRefresh2" name="viewDiary" time="1.017"/>
  <testcase classname="tests.DairyRefresh2" name="viewDiary" time="0.403"/>
  <testcase classname="tests.DairyRefresh2" name="viewDiary" time="0.425"/>
  <testcase classname="tests.DairyRefresh2" name="viewDiary" time="0.545"/>
  <testcase classname="tests.DairyRefresh2" name="viewDiary" time="0.996"/>
  <testcase classname="tests.DairyRefresh2" name="viewDiary" time="1.659"/>
  <testcase classname="tests.DairyRefresh2" name="viewDiary" time="1.975"/>
  <testcase classname="tests.DairyRefresh2" name="viewDiary" time="0.595"/>
  <testcase classname="tests.DairyRefresh2" name="viewDiary" time="1.865"/>
  <testcase classname="tests.DairyRefresh2" name="viewDiary" time="1.584"/>
  <testcase classname="tests.DairyRefresh2" name="viewDiary" time="2.058"/>
  <testcase classname="tests.DairyRefresh2" name="viewDiary" time="1.619"/>
  <testcase classname="tests.DairyRefresh2" name="viewDiary" time="2.542"/>
  <testcase classname="tests.DairyRefresh2" name="viewDiary" time="1.672"/>
  <testcase classname="tests.DairyRefresh2" name="viewDiary" time="0.484"/>
  <testcase classname="tests.DairyRefresh2" name="viewDiary" time="2.041"/>
  <testcase classname="tests.DairyRefresh2" name="viewDiary" time="0.433"/>
  <testcase classname="tests.DairyRefresh2" name="viewDiary" time="0.953"/>
  <testcase classname="tests.DairyRefresh2" name="viewDiary" time="2.245"/>
  <testcase classname="tests.DairyRefresh2" name="viewDiary" time="0.611"/>
  <testcase classname="tests.DairyRefresh2" name="viewDiary" time="1.959"/>
  <testcase classname="tests.DairyRefresh2" name="viewDiary" time="0.583"/>
  <testcase classname="tests.DairyRefresh2" name="viewDiary" time="0.295"/>
  <testcase classname="tests.DairyRefresh2" name="viewDiary" time="0.422"/>
  <testcase classname="tests.DairyRefresh2" name="viewDiary" time="2.261"/>
  <testcase classname="tests.DairyRefresh2" name="viewDiary" time="1.731"/>
  <testcase classname="tests.DairyRefresh2" name="viewDiary" time="2.031"/>
  <testcase classname="tests.DairyRefresh2" name="viewDiary" time="2.014"/>
  <testcase classname="tests.DairyRefresh2" name="viewDiary" time="1.983"/>
  <testcase classname="tests.DairyRefresh2" name="viewDiary" time="0.544"/>
  <testcase classname="tests.DairyRefresh2" name="viewDiary" time="1.391"/>
  <testcase classname="tests.DairyRefresh2" name="viewDiary" time="1.628"/>
  <testcase classname="tests.DairyRefresh2" name="viewDiary" time="0.613"/>
  <testcase classname="tests.DairyRefresh2" name="viewDiary" time="0.182"/>
  <testcase classname="tests.DairyRefresh2" name="viewDiary" time="0.432"/>
  <testcase classname="tests.DairyRefresh2" name="viewDiary" time="1.094"/>
  <testcase classname="tests.DairyRefresh2" name="viewDiary" time="1.426"/>
  <testcase classname="tests.DairyRefresh2" name="viewDiary" time="2.035"/>
  <testcase classname="tests.DairyRefresh2" name="viewDiary" time="0.237"/>
  <testcase classname="tests.DairyRefresh2" name="viewDiary" time="1.780"/>
  <testcase classname="tests.DairyRefresh2" name="viewDiary" time="1.678"/>
  <testcase classname="tests.DairyRefresh2" name="viewDiary" time="0.397"/>
  <testcase classname="tests.DairyRefresh2" name="viewDiary" time="1.120"/>
  <testcase classname="tests.DairyRefresh2" name="viewDiary" time="0.295"/>
  <testcase classname="tests.DairyRefresh2" name="viewDiary" time="1.994"/>
  <testcase classname="tests.DairyRefresh2" name="viewDiary" time="2.010"/>
  <testcase classname="tests.DairyRefresh2" name="viewDiary" time="0.502"/>
  <testcase classname="tests.DairyRefresh2" name="viewDiary" time="0.398"/>
  <testcase classname="tests.DairyRefresh2" name="viewDiary" time="0.711"/>
  <testcase classname="tests.DairyRefresh2" name="viewDiary" time="1.916"/>
  <testcase classname="tests.DairyRefresh2" name="viewDiary" time="2.130"/>
  <testcase classname="tests.DairyRefresh2" name="viewDiary" time="2.247"/>
  <testcase classname="tests.DairyRefresh2" name="viewDiary" time="0.918"/>
  <testcase classname="tests.DairyRefresh2" name="viewDiary" time="2.224"/>
  <testcase classname="tests.DairyRefresh2" name="viewDiary" time="0.705"/>
  <testcase classname="tests.DairyRefresh2" name="viewDiary" time="1.864"/>
  <testcase classname="tests.DairyRefresh2" name="viewDiary" time="1.044"/>
  <testcase classname="tests.DairyRefresh2" name="viewDiary" time="0.281"/>
  <testcase classname="tests.DairyRefresh2" name="viewDiary" time="0.588"/>
  <testcase classname="tests.DairyRefresh2" name="viewDiary" time="1.962"/>
  <testcase classname="tests.DairyRefresh2" name="viewDiary" time="2.230"/>
  <testcase classname="tests.DairyRefresh2" name="viewDiary" time="0.535"/>
  <testcase classname="tests.DairyRefresh2" name="viewDiary" time="0.874"/>
  <testcase classname="tests.DairyRefresh2" name="viewDiary" time="0.683"/>
  <testcase classname="tests.DairyRefresh2" name="viewDiary" time="0.266"/>
  <testcase classname="tests.DairyRefresh2" name="viewDiary" time="2.248"/>
  <testcase classname="tests.DairyRefresh2" name="viewDiary" time="2.022"/>
  <testcase classname="tests.DairyRefresh2" name="viewDiary" time="2.092"/>
  <testcase classname="tests.DairyRefresh2" name="viewDiary" time="1.968"/>
  <testcase classname="tests.DairyRefresh2" name="viewDiary" time="0.538"/>
  <testcase classname="tests.DairyRefresh2" name="viewDiary" time="1.371"/>
  <testcase classname="tests.DairyRefresh2" name="viewDiary" time="0.609"/>
  <testcase classname="tests.DairyRefresh2" name="viewDiary" time="0.865"/>
  <testcase classname="tests.DairyRefresh2" name="viewDiary" time="0.547"/>
  <testcase classname="tests.DairyRefresh2" name="viewDiary" time="0.494"/>
  <testcase classname="tests.DairyRefresh2" name="viewDiary" time="0.323"/>
  <testcase classname="tests.DairyRefresh2" name="viewDiary" time="0.926"/>
  <testcase classname="tests.DairyRefresh2" name="viewDiary" time="1.084"/>
  <testcase classname="tests.DairyRefresh2" name="viewDiary" time="0.261"/>
  <testcase classname="tests.DairyRefresh2" name="viewDiary" time="2.231"/>
  <testcase classname="tests.DairyRefresh2" name="viewDiary" time="0.487"/>
  <testcase classname="tests.DairyRefresh2" name="viewDiary" time="0.455"/>
  <testcase classname="tests.DairyRefresh2" name="viewDiary" time="0.937"/>
  <testcase classname="tests.DairyRefresh2" name="viewDiary" time="0.607"/>
  <testcase classname="tests.DairyRefresh2" name="viewDiary" time="2.133"/>
  <testcase classname="tests.DairyRefresh2" name="viewDiary" time="0.962"/>
  <testcase classname="tests.DairyRefresh2" name="viewDiary" time="0.722"/>
  <testcase classname="tests.DairyRefresh2" name="viewDiary" time="1.680"/>
  <testcase classname="tests.DairyRefresh2" name="viewDiary" time="1.552"/>
  <testcase classname="tests.DairyRefresh2" name="logout" time="0.193">
    <error message="invalid session id
Build info: version: &#039;4.16.1&#039;, revision: &#039;9b4c83354e&#039;
System info: os.name: &#039;Windows 11&#039;, os.arch: &#039;amd64&#039;, os.version: &#039;10.0&#039;, java.version: &#039;20.0.1&#039;
Driver info: org.openqa.selenium.chrome.ChromeDriver
Command: [1ff01f7528b197ceba78c580111c6c7f, close {}]
Capabilities {acceptInsecureCerts: false, browserName: chrome, browserVersion: 120.0.6099.200, chrome: {chromedriverVersion: 120.0.6099.109 (3419140ab66..., userDataDir: C:\Users\vashw\AppData\Loca...}, fedcm:accounts: true, goog:chromeOptions: {debuggerAddress: localhost:62556}, networkConnectionEnabled: false, pageLoadStrategy: normal, platformName: windows, proxy: Proxy(), se:cdp: ws://localhost:62556/devtoo..., se:cdpVersion: 120.0.6099.200, setWindowRect: true, strictFileInteractability: false, timeouts: {implicit: 0, pageLoad: 300000, script: 30000}, unhandledPromptBehavior: dismiss and notify, webauthn:extension:credBlob: true, webauthn:extension:largeBlob: true, webauthn:extension:minPinLength: true, webauthn:extension:prf: true, webauthn:virtualAuthenticators: true}
Session ID: 1ff01f7528b197ceba78c580111c6c7f" type="org.openqa.selenium.NoSuchSessionException">
      <![CDATA[org.openqa.selenium.NoSuchSessionException: invalid session id
Build info: version: '4.16.1', revision: '9b4c83354e'
System info: os.name: 'Windows 11', os.arch: 'amd64', os.version: '10.0', java.version: '20.0.1'
Driver info: org.openqa.selenium.chrome.ChromeDriver
Command: [1ff01f7528b197ceba78c580111c6c7f, close {}]
Capabilities {acceptInsecureCerts: false, browserName: chrome, browserVersion: 120.0.6099.200, chrome: {chromedriverVersion: 120.0.6099.109 (3419140ab66..., userDataDir: C:\Users\vashw\AppData\Loca...}, fedcm:accounts: true, goog:chromeOptions: {debuggerAddress: localhost:62556}, networkConnectionEnabled: false, pageLoadStrategy: normal, platformName: windows, proxy: Proxy(), se:cdp: ws://localhost:62556/devtoo..., se:cdpVersion: 120.0.6099.200, setWindowRect: true, strictFileInteractability: false, timeouts: {implicit: 0, pageLoad: 300000, script: 30000}, unhandledPromptBehavior: dismiss and notify, webauthn:extension:credBlob: true, webauthn:extension:largeBlob: true, webauthn:extension:minPinLength: true, webauthn:extension:prf: true, webauthn:virtualAuthenticators: true}
Session ID: 1ff01f7528b197ceba78c580111c6c7f
at java.base/jdk.internal.reflect.DirectConstructorHandleAccessor.newInstance(DirectConstructorHandleAccessor.java:67)
at java.base/java.lang.reflect.Constructor.newInstanceWithCaller(Constructor.java:500)
at java.base/java.lang.reflect.Constructor.newInstance(Constructor.java:484)
at org.openqa.selenium.remote.codec.w3c.W3CHttpResponseCodec.createException(W3CHttpResponseCodec.java:200)
at org.openqa.selenium.remote.codec.w3c.W3CHttpResponseCodec.decode(W3CHttpResponseCodec.java:133)
at org.openqa.selenium.remote.codec.w3c.W3CHttpResponseCodec.decode(W3CHttpResponseCodec.java:52)
at org.openqa.selenium.remote.HttpCommandExecutor.execute(HttpCommandExecutor.java:191)
at org.openqa.selenium.remote.service.DriverCommandExecutor.invokeExecute(DriverCommandExecutor.java:200)
at org.openqa.selenium.remote.service.DriverCommandExecutor.execute(DriverCommandExecutor.java:175)
at org.openqa.selenium.remote.RemoteWebDriver.execute(RemoteWebDriver.java:523)
at org.openqa.selenium.remote.RemoteWebDriver.execute(RemoteWebDriver.java:596)
at org.openqa.selenium.remote.RemoteWebDriver.execute(RemoteWebDriver.java:600)
at org.openqa.selenium.remote.RemoteWebDriver.close(RemoteWebDriver.java:410)
at tests.DairyRefresh2.logout(DairyRefresh2.java:52)
at java.base/jdk.internal.reflect.DirectMethodHandleAccessor.invoke(DirectMethodHandleAccessor.java:104)
at java.base/java.lang.reflect.Method.invoke(Method.java:578)
at org.testng.internal.invokers.MethodInvocationHelper.invokeMethod(MethodInvocationHelper.java:139)
at org.testng.internal.invokers.MethodInvocationHelper.invokeMethodConsideringTimeout(MethodInvocationHelper.java:69)
at org.testng.internal.invokers.ConfigInvoker.invokeConfigurationMethod(ConfigInvoker.java:390)
at org.testng.internal.invokers.ConfigInvoker.invokeConfigurations(ConfigInvoker.java:325)
at org.testng.TestRunner.invokeTestConfigurations(TestRunner.java:663)
at org.testng.TestRunner.afterRun(TestRunner.java:933)
at org.testng.TestRunner.run(TestRunner.java:624)
at org.testng.SuiteRunner.runTest(SuiteRunner.java:443)
at org.testng.SuiteRunner$SuiteWorker.run(SuiteRunner.java:481)
at org.testng.internal.thread.ThreadUtil.lambda$execute$0(ThreadUtil.java:58)
at java.base/java.util.concurrent.FutureTask.run(FutureTask.java:317)
at java.base/java.util.concurrent.ThreadPoolExecutor.runWorker(ThreadPoolExecutor.java:1144)
at java.base/java.util.concurrent.ThreadPoolExecutor$Worker.run(ThreadPoolExecutor.java:642)
at java.base/java.lang.Thread.run(Thread.java:1623)
]]>
    </error>
  </testcase> <!-- logout -->
  <testcase classname="tests.DairyRefresh2" name="viewDiary" time="2.257"/>
  <testcase classname="tests.DairyRefresh2" name="viewDiary" time="1.933"/>
  <testcase classname="tests.DairyRefresh2" name="viewDiary" time="1.807"/>
  <testcase classname="tests.DairyRefresh2" name="viewDiary" time="1.545"/>
  <testcase classname="tests.DairyRefresh2" name="viewDiary" time="2.149"/>
  <testcase classname="tests.DairyRefresh2" name="viewDiary" time="0.277"/>
  <testcase classname="tests.DairyRefresh2" name="viewDiary" time="0.770"/>
  <testcase classname="tests.DairyRefresh2" name="viewDiary" time="0.918"/>
  <testcase classname="tests.DairyRefresh2" name="viewDiary" time="1.653"/>
  <testcase classname="tests.DairyRefresh2" name="viewDiary" time="1.552"/>
  <testcase classname="tests.DairyRefresh2" name="viewDiary" time="0.881"/>
  <testcase classname="tests.DairyRefresh2" name="viewDiary" time="0.972"/>
  <testcase classname="tests.DairyRefresh2" name="viewDiary" time="0.686"/>
  <testcase classname="tests.DairyRefresh2" name="viewDiary" time="1.985"/>
  <testcase classname="tests.DairyRefresh2" name="viewDiary" time="1.859"/>
  <testcase classname="tests.DairyRefresh2" name="viewDiary" time="2.006"/>
  <testcase classname="tests.DairyRefresh2" name="viewDiary" time="2.126"/>
  <testcase classname="tests.DairyRefresh2" name="viewDiary" time="0.684"/>
  <testcase classname="tests.DairyRefresh2" name="viewDiary" time="0.590"/>
  <testcase classname="tests.DairyRefresh2" name="viewDiary" time="1.987"/>
  <testcase classname="tests.DairyRefresh2" name="viewDiary" time="1.774"/>
  <testcase classname="tests.DairyRefresh2" name="viewDiary" time="1.677"/>
  <testcase classname="tests.DairyRefresh2" name="viewDiary" time="2.109"/>
  <testcase classname="tests.DairyRefresh2" name="viewDiary" time="1.996"/>
  <testcase classname="tests.DairyRefresh2" name="viewDiary" time="0.308"/>
  <testcase classname="tests.DairyRefresh2" name="viewDiary" time="1.064"/>
  <testcase classname="tests.DairyRefresh2" name="viewDiary" time="0.408"/>
  <testcase classname="tests.DairyRefresh2" name="viewDiary" time="1.773"/>
  <testcase classname="tests.DairyRefresh2" name="viewDiary" time="0.429"/>
  <testcase classname="tests.DairyRefresh2" name="viewDiary" time="1.030"/>
  <testcase classname="tests.DairyRefresh2" name="viewDiary" time="0.536"/>
  <testcase classname="tests.DairyRefresh2" name="viewDiary" time="2.275"/>
  <testcase classname="tests.DairyRefresh2" name="viewDiary" time="2.077"/>
  <testcase classname="tests.DairyRefresh2" name="viewDiary" time="1.820"/>
  <testcase classname="tests.DairyRefresh2" name="viewDiary" time="2.041"/>
  <testcase classname="tests.DairyRefresh2" name="viewDiary" time="0.509"/>
  <testcase classname="tests.DairyRefresh2" name="viewDiary" time="1.830"/>
  <testcase classname="tests.DairyRefresh2" name="viewDiary" time="1.161"/>
  <testcase classname="tests.DairyRefresh2" name="viewDiary" time="0.514"/>
  <testcase classname="tests.DairyRefresh2" name="viewDiary" time="2.160"/>
  <testcase classname="tests.DairyRefresh2" name="viewDiary" time="0.285"/>
  <testcase classname="tests.DairyRefresh2" name="viewDiary" time="1.817"/>
  <testcase classname="tests.DairyRefresh2" name="viewDiary" time="2.275"/>
  <testcase classname="tests.DairyRefresh2" name="viewDiary" time="0.271"/>
  <testcase classname="tests.DairyRefresh2" name="viewDiary" time="1.940"/>
  <testcase classname="tests.DairyRefresh2" name="viewDiary" time="0.516"/>
  <testcase classname="tests.DairyRefresh2" name="viewDiary" time="0.393"/>
  <testcase classname="tests.DairyRefresh2" name="viewDiary" time="2.137"/>
  <testcase classname="tests.DairyRefresh2" name="viewDiary" time="1.367"/>
  <testcase classname="tests.DairyRefresh2" name="viewDiary" time="2.040"/>
</testsuite> <!-- tests.DairyRefresh2 -->
