<?xml version="1.0" encoding="UTF-8"?>
<!-- Generated by org.testng.reporters.JUnitReportReporter -->
<testsuite hostname="ASHWIN" failures="0" tests="500" name="tests.DairyRefresh" time="659.504" errors="0" timestamp="2024-01-10T16:32:13 IST" skipped="0">
  <testcase classname="tests.DairyRefresh" name="viewDiary" time="2.242"/>
  <testcase classname="tests.DairyRefresh" name="viewDiary" time="2.662"/>
  <testcase classname="tests.DairyRefresh" name="viewDiary" time="2.134"/>
  <testcase classname="tests.DairyRefresh" name="viewDiary" time="2.231"/>
  <testcase classname="tests.DairyRefresh" name="viewDiary" time="0.445"/>
  <testcase classname="tests.DairyRefresh" name="viewDiary" time="2.236"/>
  <testcase classname="tests.DairyRefresh" name="viewDiary" time="0.299"/>
  <testcase classname="tests.DairyRefresh" name="viewDiary" time="0.455"/>
  <testcase classname="tests.DairyRefresh" name="viewDiary" time="0.490"/>
  <testcase classname="tests.DairyRefresh" name="viewDiary" time="0.309"/>
  <testcase classname="tests.DairyRefresh" name="viewDiary" time="2.246"/>
  <testcase classname="tests.DairyRefresh" name="viewDiary" time="2.132"/>
  <testcase classname="tests.DairyRefresh" name="viewDiary" time="0.321"/>
  <testcase classname="tests.DairyRefresh" name="viewDiary" time="2.268"/>
  <testcase classname="tests.DairyRefresh" name="viewDiary" time="2.250"/>
  <testcase classname="tests.DairyRefresh" name="viewDiary" time="1.984"/>
  <testcase classname="tests.DairyRefresh" name="viewDiary" time="0.308"/>
  <testcase classname="tests.DairyRefresh" name="viewDiary" time="0.308"/>
  <testcase classname="tests.DairyRefresh" name="viewDiary" time="2.230"/>
  <testcase classname="tests.DairyRefresh" name="viewDiary" time="0.338"/>
  <testcase classname="tests.DairyRefresh" name="viewDiary" time="0.608"/>
  <testcase classname="tests.DairyRefresh" name="viewDiary" time="2.121"/>
  <testcase classname="tests.DairyRefresh" name="viewDiary" time="0.285"/>
  <testcase classname="tests.DairyRefresh" name="viewDiary" time="2.235"/>
  <testcase classname="tests.DairyRefresh" name="viewDiary" time="2.759"/>
  <testcase classname="tests.DairyRefresh" name="viewDiary" time="0.403"/>
  <testcase classname="tests.DairyRefresh" name="viewDiary" time="0.338"/>
  <testcase classname="tests.DairyRefresh" name="viewDiary" time="0.397"/>
  <testcase classname="tests.DairyRefresh" name="viewDiary" time="2.246"/>
  <testcase classname="tests.DairyRefresh" name="viewDiary" time="0.628"/>
  <testcase classname="tests.DairyRefresh" name="viewDiary" time="2.185"/>
  <testcase classname="tests.DairyRefresh" name="viewDiary" time="0.603"/>
  <testcase classname="tests.DairyRefresh" name="viewDiary" time="0.351"/>
  <testcase classname="tests.DairyRefresh" name="viewDiary" time="0.878"/>
  <testcase classname="tests.DairyRefresh" name="viewDiary" time="2.251"/>
  <testcase classname="tests.DairyRefresh" name="viewDiary" time="2.235"/>
  <testcase classname="tests.DairyRefresh" name="viewDiary" time="2.159"/>
  <testcase classname="tests.DairyRefresh" name="viewDiary" time="0.326"/>
  <testcase classname="tests.DairyRefresh" name="viewDiary" time="2.037"/>
  <testcase classname="tests.DairyRefresh" name="viewDiary" time="0.305"/>
  <testcase classname="tests.DairyRefresh" name="viewDiary" time="2.265"/>
  <testcase classname="tests.DairyRefresh" name="viewDiary" time="1.717"/>
  <testcase classname="tests.DairyRefresh" name="viewDiary" time="0.571"/>
  <testcase classname="tests.DairyRefresh" name="viewDiary" time="0.372"/>
  <testcase classname="tests.DairyRefresh" name="viewDiary" time="2.125"/>
  <testcase classname="tests.DairyRefresh" name="viewDiary" time="0.420"/>
  <testcase classname="tests.DairyRefresh" name="viewDiary" time="0.522"/>
  <testcase classname="tests.DairyRefresh" name="viewDiary" time="0.341"/>
  <testcase classname="tests.DairyRefresh" name="viewDiary" time="2.236"/>
  <testcase classname="tests.DairyRefresh" name="viewDiary" time="0.852"/>
  <testcase classname="tests.DairyRefresh" name="viewDiary" time="0.605"/>
  <testcase classname="tests.DairyRefresh" name="viewDiary" time="2.584"/>
  <testcase classname="tests.DairyRefresh" name="viewDiary" time="2.181"/>
  <testcase classname="tests.DairyRefresh" name="viewDiary" time="0.307"/>
  <testcase classname="tests.DairyRefresh" name="viewDiary" time="0.680"/>
  <testcase classname="tests.DairyRefresh" name="viewDiary" time="0.915"/>
  <testcase classname="tests.DairyRefresh" name="viewDiary" time="2.130"/>
  <testcase classname="tests.DairyRefresh" name="viewDiary" time="2.106"/>
  <testcase classname="tests.DairyRefresh" name="viewDiary" time="2.246"/>
  <testcase classname="tests.DairyRefresh" name="viewDiary" time="1.952"/>
  <testcase classname="tests.DairyRefresh" name="viewDiary" time="1.614"/>
  <testcase classname="tests.DairyRefresh" name="viewDiary" time="0.296"/>
  <testcase classname="tests.DairyRefresh" name="viewDiary" time="2.224"/>
  <testcase classname="tests.DairyRefresh" name="viewDiary" time="2.103"/>
  <testcase classname="tests.DairyRefresh" name="viewDiary" time="2.199"/>
  <testcase classname="tests.DairyRefresh" name="viewDiary" time="0.302"/>
  <testcase classname="tests.DairyRefresh" name="viewDiary" time="2.517"/>
  <testcase classname="tests.DairyRefresh" name="viewDiary" time="0.694"/>
  <testcase classname="tests.DairyRefresh" name="viewDiary" time="2.224"/>
  <testcase classname="tests.DairyRefresh" name="viewDiary" time="0.314"/>
  <testcase classname="tests.DairyRefresh" name="viewDiary" time="0.564"/>
  <testcase classname="tests.DairyRefresh" name="viewDiary" time="0.445"/>
  <testcase classname="tests.DairyRefresh" name="viewDiary" time="0.530"/>
  <testcase classname="tests.DairyRefresh" name="viewDiary" time="0.483"/>
  <testcase classname="tests.DairyRefresh" name="viewDiary" time="2.156"/>
  <testcase classname="tests.DairyRefresh" name="viewDiary" time="2.202"/>
  <testcase classname="tests.DairyRefresh" name="viewDiary" time="2.241"/>
  <testcase classname="tests.DairyRefresh" name="viewDiary" time="0.496"/>
  <testcase classname="tests.DairyRefresh" name="viewDiary" time="2.191"/>
  <testcase classname="tests.DairyRefresh" name="viewDiary" time="1.913"/>
  <testcase classname="tests.DairyRefresh" name="viewDiary" time="0.404"/>
  <testcase classname="tests.DairyRefresh" name="viewDiary" time="0.396"/>
  <testcase classname="tests.DairyRefresh" name="viewDiary" time="0.324"/>
  <testcase classname="tests.DairyRefresh" name="viewDiary" time="2.231"/>
  <testcase classname="tests.DairyRefresh" name="viewDiary" time="2.230"/>
  <testcase classname="tests.DairyRefresh" name="viewDiary" time="1.932"/>
  <testcase classname="tests.DairyRefresh" name="viewDiary" time="0.529"/>
  <testcase classname="tests.DairyRefresh" name="viewDiary" time="2.246"/>
  <testcase classname="tests.DairyRefresh" name="viewDiary" time="0.431"/>
  <testcase classname="tests.DairyRefresh" name="viewDiary" time="2.215"/>
  <testcase classname="tests.DairyRefresh" name="viewDiary" time="0.835"/>
  <testcase classname="tests.DairyRefresh" name="viewDiary" time="2.103"/>
  <testcase classname="tests.DairyRefresh" name="viewDiary" time="0.501"/>
  <testcase classname="tests.DairyRefresh" name="viewDiary" time="2.128"/>
  <testcase classname="tests.DairyRefresh" name="viewDiary" time="0.475"/>
  <testcase classname="tests.DairyRefresh" name="viewDiary" time="2.237"/>
  <testcase classname="tests.DairyRefresh" name="viewDiary" time="0.414"/>
  <testcase classname="tests.DairyRefresh" name="viewDiary" time="0.333"/>
  <testcase classname="tests.DairyRefresh" name="viewDiary" time="2.238"/>
  <testcase classname="tests.DairyRefresh" name="viewDiary" time="2.261"/>
  <testcase classname="tests.DairyRefresh" name="viewDiary" time="0.375"/>
  <testcase classname="tests.DairyRefresh" name="viewDiary" time="0.314"/>
  <testcase classname="tests.DairyRefresh" name="viewDiary" time="0.332"/>
  <testcase classname="tests.DairyRefresh" name="viewDiary" time="2.261"/>
  <testcase classname="tests.DairyRefresh" name="viewDiary" time="0.397"/>
  <testcase classname="tests.DairyRefresh" name="viewDiary" time="2.206"/>
  <testcase classname="tests.DairyRefresh" name="viewDiary" time="2.000"/>
  <testcase classname="tests.DairyRefresh" name="viewDiary" time="2.577"/>
  <testcase classname="tests.DairyRefresh" name="viewDiary" time="0.496"/>
  <testcase classname="tests.DairyRefresh" name="viewDiary" time="0.300"/>
  <testcase classname="tests.DairyRefresh" name="viewDiary" time="0.428"/>
  <testcase classname="tests.DairyRefresh" name="viewDiary" time="1.925"/>
  <testcase classname="tests.DairyRefresh" name="viewDiary" time="2.107"/>
  <testcase classname="tests.DairyRefresh" name="viewDiary" time="0.292"/>
  <testcase classname="tests.DairyRefresh" name="viewDiary" time="2.148"/>
  <testcase classname="tests.DairyRefresh" name="viewDiary" time="0.300"/>
  <testcase classname="tests.DairyRefresh" name="viewDiary" time="2.246"/>
  <testcase classname="tests.DairyRefresh" name="viewDiary" time="0.369"/>
  <testcase classname="tests.DairyRefresh" name="viewDiary" time="0.637"/>
  <testcase classname="tests.DairyRefresh" name="viewDiary" time="0.368"/>
  <testcase classname="tests.DairyRefresh" name="viewDiary" time="0.318"/>
  <testcase classname="tests.DairyRefresh" name="viewDiary" time="1.985"/>
  <testcase classname="tests.DairyRefresh" name="viewDiary" time="2.135"/>
  <testcase classname="tests.DairyRefresh" name="viewDiary" time="0.294"/>
  <testcase classname="tests.DairyRefresh" name="viewDiary" time="0.326"/>
  <testcase classname="tests.DairyRefresh" name="viewDiary" time="2.138"/>
  <testcase classname="tests.DairyRefresh" name="viewDiary" time="2.227"/>
  <testcase classname="tests.DairyRefresh" name="viewDiary" time="2.246"/>
  <testcase classname="tests.DairyRefresh" name="viewDiary" time="0.287"/>
  <testcase classname="tests.DairyRefresh" name="viewDiary" time="0.280"/>
  <testcase classname="tests.DairyRefresh" name="viewDiary" time="0.311"/>
  <testcase classname="tests.DairyRefresh" name="viewDiary" time="0.437"/>
  <testcase classname="tests.DairyRefresh" name="viewDiary" time="0.392"/>
  <testcase classname="tests.DairyRefresh" name="viewDiary" time="0.455"/>
  <testcase classname="tests.DairyRefresh" name="viewDiary" time="2.332"/>
  <testcase classname="tests.DairyRefresh" name="viewDiary" time="0.302"/>
  <testcase classname="tests.DairyRefresh" name="viewDiary" time="0.302"/>
  <testcase classname="tests.DairyRefresh" name="viewDiary" time="2.254"/>
  <testcase classname="tests.DairyRefresh" name="viewDiary" time="0.328"/>
  <testcase classname="tests.DairyRefresh" name="viewDiary" time="2.167"/>
  <testcase classname="tests.DairyRefresh" name="viewDiary" time="2.247"/>
  <testcase classname="tests.DairyRefresh" name="viewDiary" time="0.904"/>
  <testcase classname="tests.DairyRefresh" name="viewDiary" time="0.316"/>
  <testcase classname="tests.DairyRefresh" name="viewDiary" time="2.220"/>
  <testcase classname="tests.DairyRefresh" name="viewDiary" time="2.171"/>
  <testcase classname="tests.DairyRefresh" name="viewDiary" time="2.247"/>
  <testcase classname="tests.DairyRefresh" name="viewDiary" time="2.079"/>
  <testcase classname="tests.DairyRefresh" name="viewDiary" time="2.170"/>
  <testcase classname="tests.DairyRefresh" name="viewDiary" time="2.241"/>
  <testcase classname="tests.DairyRefresh" name="viewDiary" time="0.450"/>
  <testcase classname="tests.DairyRefresh" name="viewDiary" time="2.249"/>
  <testcase classname="tests.DairyRefresh" name="viewDiary" time="0.410"/>
  <testcase classname="tests.DairyRefresh" name="viewDiary" time="2.150"/>
  <testcase classname="tests.DairyRefresh" name="viewDiary" time="2.141"/>
  <testcase classname="tests.DairyRefresh" name="viewDiary" time="2.226"/>
  <testcase classname="tests.DairyRefresh" name="viewDiary" time="0.369"/>
  <testcase classname="tests.DairyRefresh" name="viewDiary" time="0.459"/>
  <testcase classname="tests.DairyRefresh" name="viewDiary" time="0.473"/>
  <testcase classname="tests.DairyRefresh" name="viewDiary" time="2.208"/>
  <testcase classname="tests.DairyRefresh" name="viewDiary" time="2.239"/>
  <testcase classname="tests.DairyRefresh" name="viewDiary" time="0.369"/>
  <testcase classname="tests.DairyRefresh" name="viewDiary" time="0.294"/>
  <testcase classname="tests.DairyRefresh" name="viewDiary" time="1.733"/>
  <testcase classname="tests.DairyRefresh" name="viewDiary" time="0.473"/>
  <testcase classname="tests.DairyRefresh" name="viewDiary" time="0.313"/>
  <testcase classname="tests.DairyRefresh" name="viewDiary" time="0.334"/>
  <testcase classname="tests.DairyRefresh" name="viewDiary" time="0.308"/>
  <testcase classname="tests.DairyRefresh" name="viewDiary" time="0.480"/>
  <testcase classname="tests.DairyRefresh" name="viewDiary" time="2.618"/>
  <testcase classname="tests.DairyRefresh" name="viewDiary" time="0.331"/>
  <testcase classname="tests.DairyRefresh" name="viewDiary" time="0.419"/>
  <testcase classname="tests.DairyRefresh" name="viewDiary" time="0.306"/>
  <testcase classname="tests.DairyRefresh" name="viewDiary" time="2.233"/>
  <testcase classname="tests.DairyRefresh" name="viewDiary" time="2.240"/>
  <testcase classname="tests.DairyRefresh" name="viewDiary" time="0.300"/>
  <testcase classname="tests.DairyRefresh" name="viewDiary" time="2.059"/>
  <testcase classname="tests.DairyRefresh" name="viewDiary" time="2.248"/>
  <testcase classname="tests.DairyRefresh" name="viewDiary" time="2.225"/>
  <testcase classname="tests.DairyRefresh" name="viewDiary" time="0.351"/>
  <testcase classname="tests.DairyRefresh" name="viewDiary" time="1.644"/>
  <testcase classname="tests.DairyRefresh" name="viewDiary" time="0.433"/>
  <testcase classname="tests.DairyRefresh" name="viewDiary" time="0.324"/>
  <testcase classname="tests.DairyRefresh" name="viewDiary" time="2.091"/>
  <testcase classname="tests.DairyRefresh" name="viewDiary" time="0.488"/>
  <testcase classname="tests.DairyRefresh" name="viewDiary" time="0.453"/>
  <testcase classname="tests.DairyRefresh" name="viewDiary" time="2.581"/>
  <testcase classname="tests.DairyRefresh" name="viewDiary" time="0.606"/>
  <testcase classname="tests.DairyRefresh" name="viewDiary" time="2.224"/>
  <testcase classname="tests.DairyRefresh" name="viewDiary" time="2.254"/>
  <testcase classname="tests.DairyRefresh" name="viewDiary" time="0.285"/>
  <testcase classname="tests.DairyRefresh" name="viewDiary" time="0.390"/>
  <testcase classname="tests.DairyRefresh" name="viewDiary" time="2.141"/>
  <testcase classname="tests.DairyRefresh" name="viewDiary" time="2.258"/>
  <testcase classname="tests.DairyRefresh" name="viewDiary" time="0.379"/>
  <testcase classname="tests.DairyRefresh" name="viewDiary" time="2.159"/>
  <testcase classname="tests.DairyRefresh" name="viewDiary" time="2.244"/>
  <testcase classname="tests.DairyRefresh" name="viewDiary" time="2.194"/>
  <testcase classname="tests.DairyRefresh" name="viewDiary" time="0.327"/>
  <testcase classname="tests.DairyRefresh" name="viewDiary" time="2.163"/>
  <testcase classname="tests.DairyRefresh" name="viewDiary" time="2.239"/>
  <testcase classname="tests.DairyRefresh" name="viewDiary" time="2.053"/>
  <testcase classname="tests.DairyRefresh" name="viewDiary" time="2.144"/>
  <testcase classname="tests.DairyRefresh" name="viewDiary" time="2.141"/>
  <testcase classname="tests.DairyRefresh" name="viewDiary" time="0.398"/>
  <testcase classname="tests.DairyRefresh" name="viewDiary" time="0.296"/>
  <testcase classname="tests.DairyRefresh" name="viewDiary" time="0.499"/>
  <testcase classname="tests.DairyRefresh" name="viewDiary" time="2.269"/>
  <testcase classname="tests.DairyRefresh" name="viewDiary" time="0.296"/>
  <testcase classname="tests.DairyRefresh" name="viewDiary" time="2.129"/>
  <testcase classname="tests.DairyRefresh" name="viewDiary" time="2.234"/>
  <testcase classname="tests.DairyRefresh" name="viewDiary" time="2.208"/>
  <testcase classname="tests.DairyRefresh" name="viewDiary" time="2.043"/>
  <testcase classname="tests.DairyRefresh" name="viewDiary" time="0.356"/>
  <testcase classname="tests.DairyRefresh" name="viewDiary" time="0.304"/>
  <testcase classname="tests.DairyRefresh" name="viewDiary" time="2.219"/>
  <testcase classname="tests.DairyRefresh" name="viewDiary" time="0.351"/>
  <testcase classname="tests.DairyRefresh" name="viewDiary" time="2.160"/>
  <testcase classname="tests.DairyRefresh" name="viewDiary" time="0.297"/>
  <testcase classname="tests.DairyRefresh" name="viewDiary" time="0.376"/>
  <testcase classname="tests.DairyRefresh" name="viewDiary" time="2.090"/>
  <testcase classname="tests.DairyRefresh" name="viewDiary" time="2.032"/>
  <testcase classname="tests.DairyRefresh" name="viewDiary" time="0.335"/>
  <testcase classname="tests.DairyRefresh" name="viewDiary" time="2.037"/>
  <testcase classname="tests.DairyRefresh" name="viewDiary" time="0.460"/>
  <testcase classname="tests.DairyRefresh" name="viewDiary" time="2.236"/>
  <testcase classname="tests.DairyRefresh" name="viewDiary" time="0.281"/>
  <testcase classname="tests.DairyRefresh" name="viewDiary" time="0.874"/>
  <testcase classname="tests.DairyRefresh" name="viewDiary" time="2.216"/>
  <testcase classname="tests.DairyRefresh" name="viewDiary" time="2.210"/>
  <testcase classname="tests.DairyRefresh" name="viewDiary" time="0.306"/>
  <testcase classname="tests.DairyRefresh" name="viewDiary" time="2.191"/>
  <testcase classname="tests.DairyRefresh" name="viewDiary" time="2.093"/>
  <testcase classname="tests.DairyRefresh" name="viewDiary" time="2.154"/>
  <testcase classname="tests.DairyRefresh" name="viewDiary" time="0.290"/>
  <testcase classname="tests.DairyRefresh" name="viewDiary" time="0.417"/>
  <testcase classname="tests.DairyRefresh" name="viewDiary" time="1.638"/>
  <testcase classname="tests.DairyRefresh" name="viewDiary" time="0.842"/>
  <testcase classname="tests.DairyRefresh" name="viewDiary" time="0.310"/>
  <testcase classname="tests.DairyRefresh" name="viewDiary" time="2.225"/>
  <testcase classname="tests.DairyRefresh" name="viewDiary" time="0.355"/>
  <testcase classname="tests.DairyRefresh" name="viewDiary" time="2.252"/>
  <testcase classname="tests.DairyRefresh" name="viewDiary" time="2.218"/>
  <testcase classname="tests.DairyRefresh" name="viewDiary" time="0.357"/>
  <testcase classname="tests.DairyRefresh" name="viewDiary" time="2.224"/>
  <testcase classname="tests.DairyRefresh" name="viewDiary" time="0.883"/>
  <testcase classname="tests.DairyRefresh" name="viewDiary" time="0.437"/>
  <testcase classname="tests.DairyRefresh" name="viewDiary" time="0.309"/>
  <testcase classname="tests.DairyRefresh" name="viewDiary" time="2.070"/>
  <testcase classname="tests.DairyRefresh" name="viewDiary" time="1.692"/>
  <testcase classname="tests.DairyRefresh" name="viewDiary" time="0.367"/>
  <testcase classname="tests.DairyRefresh" name="viewDiary" time="0.469"/>
  <testcase classname="tests.DairyRefresh" name="viewDiary" time="0.315"/>
  <testcase classname="tests.DairyRefresh" name="viewDiary" time="2.245"/>
  <testcase classname="tests.DairyRefresh" name="viewDiary" time="1.934"/>
  <testcase classname="tests.DairyRefresh" name="viewDiary" time="0.574"/>
  <testcase classname="tests.DairyRefresh" name="viewDiary" time="2.283"/>
  <testcase classname="tests.DairyRefresh" name="viewDiary" time="2.263"/>
  <testcase classname="tests.DairyRefresh" name="viewDiary" time="1.982"/>
  <testcase classname="tests.DairyRefresh" name="viewDiary" time="2.237"/>
  <testcase classname="tests.DairyRefresh" name="viewDiary" time="2.210"/>
  <testcase classname="tests.DairyRefresh" name="viewDiary" time="0.319"/>
  <testcase classname="tests.DairyRefresh" name="viewDiary" time="1.892"/>
  <testcase classname="tests.DairyRefresh" name="viewDiary" time="2.222"/>
  <testcase classname="tests.DairyRefresh" name="viewDiary" time="0.290"/>
  <testcase classname="tests.DairyRefresh" name="viewDiary" time="0.286"/>
  <testcase classname="tests.DairyRefresh" name="viewDiary" time="0.305"/>
  <testcase classname="tests.DairyRefresh" name="viewDiary" time="2.111"/>
  <testcase classname="tests.DairyRefresh" name="viewDiary" time="2.204"/>
  <testcase classname="tests.DairyRefresh" name="viewDiary" time="0.317"/>
  <testcase classname="tests.DairyRefresh" name="viewDiary" time="2.186"/>
  <testcase classname="tests.DairyRefresh" name="viewDiary" time="0.441"/>
  <testcase classname="tests.DairyRefresh" name="viewDiary" time="0.298"/>
  <testcase classname="tests.DairyRefresh" name="viewDiary" time="2.234"/>
  <testcase classname="tests.DairyRefresh" name="viewDiary" time="0.317"/>
  <testcase classname="tests.DairyRefresh" name="viewDiary" time="2.244"/>
  <testcase classname="tests.DairyRefresh" name="viewDiary" time="2.554"/>
  <testcase classname="tests.DairyRefresh" name="viewDiary" time="2.273"/>
  <testcase classname="tests.DairyRefresh" name="viewDiary" time="0.307"/>
  <testcase classname="tests.DairyRefresh" name="viewDiary" time="2.230"/>
  <testcase classname="tests.DairyRefresh" name="viewDiary" time="1.977"/>
  <testcase classname="tests.DairyRefresh" name="viewDiary" time="2.067"/>
  <testcase classname="tests.DairyRefresh" name="viewDiary" time="0.310"/>
  <testcase classname="tests.DairyRefresh" name="viewDiary" time="0.514"/>
  <testcase classname="tests.DairyRefresh" name="viewDiary" time="2.196"/>
  <testcase classname="tests.DairyRefresh" name="viewDiary" time="0.292"/>
  <testcase classname="tests.DairyRefresh" name="viewDiary" time="0.368"/>
  <testcase classname="tests.DairyRefresh" name="viewDiary" time="0.492"/>
  <testcase classname="tests.DairyRefresh" name="viewDiary" time="2.236"/>
  <testcase classname="tests.DairyRefresh" name="viewDiary" time="0.313"/>
  <testcase classname="tests.DairyRefresh" name="viewDiary" time="0.449"/>
  <testcase classname="tests.DairyRefresh" name="viewDiary" time="2.237"/>
  <testcase classname="tests.DairyRefresh" name="viewDiary" time="0.314"/>
  <testcase classname="tests.DairyRefresh" name="viewDiary" time="2.214"/>
  <testcase classname="tests.DairyRefresh" name="viewDiary" time="2.002"/>
  <testcase classname="tests.DairyRefresh" name="viewDiary" time="2.221"/>
  <testcase classname="tests.DairyRefresh" name="viewDiary" time="0.558"/>
  <testcase classname="tests.DairyRefresh" name="viewDiary" time="2.238"/>
  <testcase classname="tests.DairyRefresh" name="viewDiary" time="2.131"/>
  <testcase classname="tests.DairyRefresh" name="viewDiary" time="0.420"/>
  <testcase classname="tests.DairyRefresh" name="viewDiary" time="0.314"/>
  <testcase classname="tests.DairyRefresh" name="viewDiary" time="2.149"/>
  <testcase classname="tests.DairyRefresh" name="viewDiary" time="2.201"/>
  <testcase classname="tests.DairyRefresh" name="viewDiary" time="0.272"/>
  <testcase classname="tests.DairyRefresh" name="viewDiary" time="1.919"/>
  <testcase classname="tests.DairyRefresh" name="viewDiary" time="2.055"/>
  <testcase classname="tests.DairyRefresh" name="viewDiary" time="2.066"/>
  <testcase classname="tests.DairyRefresh" name="viewDiary" time="0.318"/>
  <testcase classname="tests.DairyRefresh" name="viewDiary" time="0.484"/>
  <testcase classname="tests.DairyRefresh" name="viewDiary" time="0.343"/>
  <testcase classname="tests.DairyRefresh" name="viewDiary" time="0.317"/>
  <testcase classname="tests.DairyRefresh" name="viewDiary" time="1.662"/>
  <testcase classname="tests.DairyRefresh" name="viewDiary" time="2.214"/>
  <testcase classname="tests.DairyRefresh" name="viewDiary" time="0.868"/>
  <testcase classname="tests.DairyRefresh" name="viewDiary" time="0.436"/>
  <testcase classname="tests.DairyRefresh" name="viewDiary" time="0.416"/>
  <testcase classname="tests.DairyRefresh" name="viewDiary" time="0.473"/>
  <testcase classname="tests.DairyRefresh" name="viewDiary" time="0.813"/>
  <testcase classname="tests.DairyRefresh" name="viewDiary" time="2.219"/>
  <testcase classname="tests.DairyRefresh" name="viewDiary" time="0.339"/>
  <testcase classname="tests.DairyRefresh" name="viewDiary" time="2.225"/>
  <testcase classname="tests.DairyRefresh" name="viewDiary" time="2.224"/>
  <testcase classname="tests.DairyRefresh" name="viewDiary" time="0.319"/>
  <testcase classname="tests.DairyRefresh" name="viewDiary" time="2.010"/>
  <testcase classname="tests.DairyRefresh" name="viewDiary" time="2.160"/>
  <testcase classname="tests.DairyRefresh" name="viewDiary" time="0.294"/>
  <testcase classname="tests.DairyRefresh" name="viewDiary" time="2.134"/>
  <testcase classname="tests.DairyRefresh" name="viewDiary" time="0.294"/>
  <testcase classname="tests.DairyRefresh" name="viewDiary" time="2.201"/>
  <testcase classname="tests.DairyRefresh" name="viewDiary" time="2.162"/>
  <testcase classname="tests.DairyRefresh" name="viewDiary" time="0.304"/>
  <testcase classname="tests.DairyRefresh" name="viewDiary" time="2.106"/>
  <testcase classname="tests.DairyRefresh" name="viewDiary" time="0.307"/>
  <testcase classname="tests.DairyRefresh" name="viewDiary" time="2.137"/>
  <testcase classname="tests.DairyRefresh" name="viewDiary" time="1.970"/>
  <testcase classname="tests.DairyRefresh" name="viewDiary" time="2.208"/>
  <testcase classname="tests.DairyRefresh" name="viewDiary" time="0.313"/>
  <testcase classname="tests.DairyRefresh" name="viewDiary" time="2.211"/>
  <testcase classname="tests.DairyRefresh" name="viewDiary" time="0.433"/>
  <testcase classname="tests.DairyRefresh" name="viewDiary" time="2.120"/>
  <testcase classname="tests.DairyRefresh" name="viewDiary" time="0.374"/>
  <testcase classname="tests.DairyRefresh" name="viewDiary" time="2.170"/>
  <testcase classname="tests.DairyRefresh" name="viewDiary" time="2.545"/>
  <testcase classname="tests.DairyRefresh" name="viewDiary" time="1.779"/>
  <testcase classname="tests.DairyRefresh" name="viewDiary" time="2.147"/>
  <testcase classname="tests.DairyRefresh" name="viewDiary" time="2.211"/>
  <testcase classname="tests.DairyRefresh" name="viewDiary" time="2.017"/>
  <testcase classname="tests.DairyRefresh" name="viewDiary" time="0.430"/>
  <testcase classname="tests.DairyRefresh" name="viewDiary" time="2.259"/>
  <testcase classname="tests.DairyRefresh" name="viewDiary" time="2.592"/>
  <testcase classname="tests.DairyRefresh" name="viewDiary" time="0.554"/>
  <testcase classname="tests.DairyRefresh" name="viewDiary" time="0.297"/>
  <testcase classname="tests.DairyRefresh" name="viewDiary" time="1.911"/>
  <testcase classname="tests.DairyRefresh" name="viewDiary" time="0.513"/>
  <testcase classname="tests.DairyRefresh" name="viewDiary" time="0.385"/>
  <testcase classname="tests.DairyRefresh" name="viewDiary" time="2.076"/>
  <testcase classname="tests.DairyRefresh" name="viewDiary" time="2.068"/>
  <testcase classname="tests.DairyRefresh" name="viewDiary" time="2.266"/>
  <testcase classname="tests.DairyRefresh" name="viewDiary" time="2.132"/>
  <testcase classname="tests.DairyRefresh" name="viewDiary" time="2.256"/>
  <testcase classname="tests.DairyRefresh" name="viewDiary" time="2.235"/>
  <testcase classname="tests.DairyRefresh" name="viewDiary" time="0.371"/>
  <testcase classname="tests.DairyRefresh" name="viewDiary" time="2.011"/>
  <testcase classname="tests.DairyRefresh" name="viewDiary" time="0.300"/>
  <testcase classname="tests.DairyRefresh" name="viewDiary" time="2.140"/>
  <testcase classname="tests.DairyRefresh" name="viewDiary" time="2.612"/>
  <testcase classname="tests.DairyRefresh" name="viewDiary" time="0.504"/>
  <testcase classname="tests.DairyRefresh" name="viewDiary" time="0.316"/>
  <testcase classname="tests.DairyRefresh" name="viewDiary" time="2.215"/>
  <testcase classname="tests.DairyRefresh" name="viewDiary" time="0.303"/>
  <testcase classname="tests.DairyRefresh" name="viewDiary" time="0.291"/>
  <testcase classname="tests.DairyRefresh" name="viewDiary" time="0.311"/>
  <testcase classname="tests.DairyRefresh" name="viewDiary" time="2.132"/>
  <testcase classname="tests.DairyRefresh" name="viewDiary" time="0.337"/>
  <testcase classname="tests.DairyRefresh" name="viewDiary" time="2.180"/>
  <testcase classname="tests.DairyRefresh" name="viewDiary" time="2.205"/>
  <testcase classname="tests.DairyRefresh" name="viewDiary" time="0.323"/>
  <testcase classname="tests.DairyRefresh" name="viewDiary" time="2.179"/>
  <testcase classname="tests.DairyRefresh" name="viewDiary" time="2.260"/>
  <testcase classname="tests.DairyRefresh" name="viewDiary" time="2.247"/>
  <testcase classname="tests.DairyRefresh" name="viewDiary" time="0.293"/>
  <testcase classname="tests.DairyRefresh" name="viewDiary" time="0.407"/>
  <testcase classname="tests.DairyRefresh" name="viewDiary" time="2.115"/>
  <testcase classname="tests.DairyRefresh" name="viewDiary" time="0.327"/>
  <testcase classname="tests.DairyRefresh" name="viewDiary" time="0.523"/>
  <testcase classname="tests.DairyRefresh" name="viewDiary" time="0.340"/>
  <testcase classname="tests.DairyRefresh" name="viewDiary" time="2.069"/>
  <testcase classname="tests.DairyRefresh" name="viewDiary" time="2.221"/>
  <testcase classname="tests.DairyRefresh" name="viewDiary" time="2.070"/>
  <testcase classname="tests.DairyRefresh" name="viewDiary" time="0.494"/>
  <testcase classname="tests.DairyRefresh" name="viewDiary" time="0.487"/>
  <testcase classname="tests.DairyRefresh" name="viewDiary" time="2.276"/>
  <testcase classname="tests.DairyRefresh" name="viewDiary" time="0.313"/>
  <testcase classname="tests.DairyRefresh" name="viewDiary" time="0.333"/>
  <testcase classname="tests.DairyRefresh" name="viewDiary" time="2.225"/>
  <testcase classname="tests.DairyRefresh" name="viewDiary" time="2.260"/>
  <testcase classname="tests.DairyRefresh" name="viewDiary" time="0.296"/>
  <testcase classname="tests.DairyRefresh" name="viewDiary" time="0.346"/>
  <testcase classname="tests.DairyRefresh" name="viewDiary" time="1.690"/>
  <testcase classname="tests.DairyRefresh" name="viewDiary" time="0.310"/>
  <testcase classname="tests.DairyRefresh" name="viewDiary" time="2.024"/>
  <testcase classname="tests.DairyRefresh" name="viewDiary" time="2.189"/>
  <testcase classname="tests.DairyRefresh" name="viewDiary" time="1.868"/>
  <testcase classname="tests.DairyRefresh" name="viewDiary" time="2.718"/>
  <testcase classname="tests.DairyRefresh" name="viewDiary" time="0.318"/>
  <testcase classname="tests.DairyRefresh" name="viewDiary" time="2.269"/>
  <testcase classname="tests.DairyRefresh" name="viewDiary" time="2.252"/>
  <testcase classname="tests.DairyRefresh" name="viewDiary" time="0.414"/>
  <testcase classname="tests.DairyRefresh" name="viewDiary" time="0.314"/>
  <testcase classname="tests.DairyRefresh" name="viewDiary" time="2.679"/>
  <testcase classname="tests.DairyRefresh" name="viewDiary" time="2.130"/>
  <testcase classname="tests.DairyRefresh" name="viewDiary" time="0.393"/>
  <testcase classname="tests.DairyRefresh" name="viewDiary" time="0.295"/>
  <testcase classname="tests.DairyRefresh" name="viewDiary" time="0.306"/>
  <testcase classname="tests.DairyRefresh" name="viewDiary" time="0.455"/>
  <testcase classname="tests.DairyRefresh" name="viewDiary" time="0.426"/>
  <testcase classname="tests.DairyRefresh" name="viewDiary" time="2.248"/>
  <testcase classname="tests.DairyRefresh" name="viewDiary" time="0.317"/>
  <testcase classname="tests.DairyRefresh" name="viewDiary" time="0.409"/>
  <testcase classname="tests.DairyRefresh" name="viewDiary" time="0.327"/>
  <testcase classname="tests.DairyRefresh" name="viewDiary" time="2.014"/>
  <testcase classname="tests.DairyRefresh" name="viewDiary" time="0.432"/>
  <testcase classname="tests.DairyRefresh" name="viewDiary" time="0.595"/>
  <testcase classname="tests.DairyRefresh" name="viewDiary" time="2.205"/>
  <testcase classname="tests.DairyRefresh" name="viewDiary" time="1.949"/>
  <testcase classname="tests.DairyRefresh" name="viewDiary" time="2.231"/>
  <testcase classname="tests.DairyRefresh" name="viewDiary" time="2.238"/>
  <testcase classname="tests.DairyRefresh" name="viewDiary" time="2.075"/>
  <testcase classname="tests.DairyRefresh" name="viewDiary" time="2.072"/>
  <testcase classname="tests.DairyRefresh" name="viewDiary" time="2.169"/>
  <testcase classname="tests.DairyRefresh" name="viewDiary" time="0.288"/>
  <testcase classname="tests.DairyRefresh" name="viewDiary" time="2.212"/>
  <testcase classname="tests.DairyRefresh" name="viewDiary" time="0.289"/>
  <testcase classname="tests.DairyRefresh" name="viewDiary" time="2.234"/>
  <testcase classname="tests.DairyRefresh" name="viewDiary" time="0.396"/>
  <testcase classname="tests.DairyRefresh" name="viewDiary" time="2.251"/>
  <testcase classname="tests.DairyRefresh" name="viewDiary" time="2.220"/>
  <testcase classname="tests.DairyRefresh" name="viewDiary" time="2.257"/>
  <testcase classname="tests.DairyRefresh" name="viewDiary" time="0.393"/>
  <testcase classname="tests.DairyRefresh" name="viewDiary" time="2.222"/>
  <testcase classname="tests.DairyRefresh" name="viewDiary" time="0.443"/>
  <testcase classname="tests.DairyRefresh" name="viewDiary" time="0.439"/>
  <testcase classname="tests.DairyRefresh" name="viewDiary" time="2.156"/>
  <testcase classname="tests.DairyRefresh" name="viewDiary" time="0.291"/>
  <testcase classname="tests.DairyRefresh" name="viewDiary" time="0.307"/>
  <testcase classname="tests.DairyRefresh" name="viewDiary" time="0.344"/>
  <testcase classname="tests.DairyRefresh" name="viewDiary" time="0.301"/>
  <testcase classname="tests.DairyRefresh" name="viewDiary" time="2.133"/>
  <testcase classname="tests.DairyRefresh" name="viewDiary" time="1.711"/>
  <testcase classname="tests.DairyRefresh" name="viewDiary" time="1.698"/>
  <testcase classname="tests.DairyRefresh" name="viewDiary" time="0.364"/>
  <testcase classname="tests.DairyRefresh" name="viewDiary" time="0.307"/>
  <testcase classname="tests.DairyRefresh" name="viewDiary" time="0.433"/>
  <testcase classname="tests.DairyRefresh" name="viewDiary" time="2.238"/>
  <testcase classname="tests.DairyRefresh" name="viewDiary" time="0.326"/>
  <testcase classname="tests.DairyRefresh" name="viewDiary" time="0.902"/>
  <testcase classname="tests.DairyRefresh" name="viewDiary" time="2.110"/>
  <testcase classname="tests.DairyRefresh" name="viewDiary" time="2.245"/>
  <testcase classname="tests.DairyRefresh" name="viewDiary" time="0.316"/>
  <testcase classname="tests.DairyRefresh" name="viewDiary" time="0.405"/>
  <testcase classname="tests.DairyRefresh" name="viewDiary" time="2.143"/>
  <testcase classname="tests.DairyRefresh" name="viewDiary" time="0.314"/>
  <testcase classname="tests.DairyRefresh" name="viewDiary" time="2.242"/>
  <testcase classname="tests.DairyRefresh" name="viewDiary" time="2.632"/>
  <testcase classname="tests.DairyRefresh" name="viewDiary" time="2.277"/>
  <testcase classname="tests.DairyRefresh" name="viewDiary" time="2.204"/>
  <testcase classname="tests.DairyRefresh" name="viewDiary" time="0.431"/>
  <testcase classname="tests.DairyRefresh" name="viewDiary" time="2.263"/>
  <testcase classname="tests.DairyRefresh" name="viewDiary" time="2.104"/>
  <testcase classname="tests.DairyRefresh" name="viewDiary" time="2.239"/>
  <testcase classname="tests.DairyRefresh" name="viewDiary" time="0.328"/>
  <testcase classname="tests.DairyRefresh" name="viewDiary" time="0.286"/>
  <testcase classname="tests.DairyRefresh" name="viewDiary" time="2.197"/>
  <testcase classname="tests.DairyRefresh" name="viewDiary" time="0.541"/>
  <testcase classname="tests.DairyRefresh" name="viewDiary" time="2.259"/>
  <testcase classname="tests.DairyRefresh" name="viewDiary" time="0.573"/>
  <testcase classname="tests.DairyRefresh" name="viewDiary" time="2.590"/>
  <testcase classname="tests.DairyRefresh" name="viewDiary" time="0.497"/>
  <testcase classname="tests.DairyRefresh" name="viewDiary" time="2.256"/>
  <testcase classname="tests.DairyRefresh" name="viewDiary" time="0.315"/>
  <testcase classname="tests.DairyRefresh" name="viewDiary" time="0.278"/>
  <testcase classname="tests.DairyRefresh" name="viewDiary" time="0.363"/>
  <testcase classname="tests.DairyRefresh" name="viewDiary" time="0.381"/>
  <testcase classname="tests.DairyRefresh" name="viewDiary" time="2.541"/>
  <testcase classname="tests.DairyRefresh" name="viewDiary" time="0.290"/>
  <testcase classname="tests.DairyRefresh" name="viewDiary" time="2.125"/>
  <testcase classname="tests.DairyRefresh" name="viewDiary" time="2.154"/>
  <testcase classname="tests.DairyRefresh" name="viewDiary" time="0.436"/>
  <testcase classname="tests.DairyRefresh" name="viewDiary" time="0.490"/>
  <testcase classname="tests.DairyRefresh" name="viewDiary" time="0.317"/>
  <testcase classname="tests.DairyRefresh" name="viewDiary" time="2.072"/>
  <testcase classname="tests.DairyRefresh" name="viewDiary" time="2.150"/>
  <testcase classname="tests.DairyRefresh" name="viewDiary" time="0.364"/>
  <testcase classname="tests.DairyRefresh" name="viewDiary" time="0.326"/>
  <testcase classname="tests.DairyRefresh" name="viewDiary" time="2.232"/>
  <testcase classname="tests.DairyRefresh" name="viewDiary" time="0.355"/>
  <testcase classname="tests.DairyRefresh" name="viewDiary" time="2.600"/>
  <testcase classname="tests.DairyRefresh" name="viewDiary" time="2.040"/>
  <testcase classname="tests.DairyRefresh" name="viewDiary" time="2.087"/>
  <testcase classname="tests.DairyRefresh" name="viewDiary" time="2.257"/>
  <testcase classname="tests.DairyRefresh" name="viewDiary" time="0.659"/>
</testsuite> <!-- tests.DairyRefresh -->
