<?xml version="1.0" encoding="UTF-8"?>
<!-- Generated by org.testng.reporters.JUnitReportReporter -->
<testsuite hostname="ASHWIN" failures="0" tests="1" name="tests.LoginTest" time="5.618" errors="0" timestamp="2024-01-04T16:20:54 IST" skipped="0">
  <testcase classname="tests.LoginTest" name="login" time="5.618"/>
</testsuite> <!-- tests.LoginTest -->
