<?xml version="1.0" encoding="UTF-8"?>
<!-- Generated by org.testng.reporters.JUnitReportReporter -->
<testsuite hostname="ASHWIN" failures="0" tests="100" name="tests.ParentDairy1" time="2766.952" errors="0" timestamp="2024-01-10T15:12:07 IST" skipped="0">
  <testcase classname="tests.ParentDairy1" name="viewDiary" time="27.505"/>
  <testcase classname="tests.ParentDairy1" name="viewDiary" time="27.568"/>
  <testcase classname="tests.ParentDairy1" name="viewDiary" time="27.460"/>
  <testcase classname="tests.ParentDairy1" name="viewDiary" time="28.337"/>
  <testcase classname="tests.ParentDairy1" name="viewDiary" time="27.451"/>
  <testcase classname="tests.ParentDairy1" name="viewDiary" time="27.467"/>
  <testcase classname="tests.ParentDairy1" name="viewDiary" time="27.644"/>
  <testcase classname="tests.ParentDairy1" name="viewDiary" time="27.541"/>
  <testcase classname="tests.ParentDairy1" name="viewDiary" time="27.591"/>
  <testcase classname="tests.ParentDairy1" name="viewDiary" time="27.384"/>
  <testcase classname="tests.ParentDairy1" name="viewDiary" time="27.780"/>
  <testcase classname="tests.ParentDairy1" name="viewDiary" time="27.489"/>
  <testcase classname="tests.ParentDairy1" name="viewDiary" time="27.780"/>
  <testcase classname="tests.ParentDairy1" name="viewDiary" time="27.995"/>
  <testcase classname="tests.ParentDairy1" name="viewDiary" time="27.844"/>
  <testcase classname="tests.ParentDairy1" name="viewDiary" time="27.781"/>
  <testcase classname="tests.ParentDairy1" name="viewDiary" time="27.399"/>
  <testcase classname="tests.ParentDairy1" name="viewDiary" time="27.750"/>
  <testcase classname="tests.ParentDairy1" name="viewDiary" time="27.762"/>
  <testcase classname="tests.ParentDairy1" name="viewDiary" time="27.494"/>
  <testcase classname="tests.ParentDairy1" name="viewDiary" time="27.760"/>
  <testcase classname="tests.ParentDairy1" name="viewDiary" time="27.686"/>
  <testcase classname="tests.ParentDairy1" name="viewDiary" time="27.497"/>
  <testcase classname="tests.ParentDairy1" name="viewDiary" time="27.657"/>
  <testcase classname="tests.ParentDairy1" name="viewDiary" time="27.516"/>
  <testcase classname="tests.ParentDairy1" name="viewDiary" time="27.499"/>
  <testcase classname="tests.ParentDairy1" name="viewDiary" time="27.865"/>
  <testcase classname="tests.ParentDairy1" name="viewDiary" time="27.775"/>
  <testcase classname="tests.ParentDairy1" name="viewDiary" time="27.428"/>
  <testcase classname="tests.ParentDairy1" name="viewDiary" time="27.494"/>
  <testcase classname="tests.ParentDairy1" name="viewDiary" time="27.433"/>
  <testcase classname="tests.ParentDairy1" name="viewDiary" time="27.520"/>
  <testcase classname="tests.ParentDairy1" name="viewDiary" time="27.447"/>
  <testcase classname="tests.ParentDairy1" name="viewDiary" time="27.422"/>
  <testcase classname="tests.ParentDairy1" name="viewDiary" time="28.539"/>
  <testcase classname="tests.ParentDairy1" name="viewDiary" time="27.382"/>
  <testcase classname="tests.ParentDairy1" name="viewDiary" time="27.569"/>
  <testcase classname="tests.ParentDairy1" name="viewDiary" time="27.869"/>
  <testcase classname="tests.ParentDairy1" name="viewDiary" time="27.464"/>
  <testcase classname="tests.ParentDairy1" name="viewDiary" time="27.555"/>
  <testcase classname="tests.ParentDairy1" name="viewDiary" time="27.517"/>
  <testcase classname="tests.ParentDairy1" name="viewDiary" time="27.828"/>
  <testcase classname="tests.ParentDairy1" name="viewDiary" time="27.837"/>
  <testcase classname="tests.ParentDairy1" name="viewDiary" time="27.809"/>
  <testcase classname="tests.ParentDairy1" name="viewDiary" time="28.244"/>
  <testcase classname="tests.ParentDairy1" name="viewDiary" time="27.793"/>
  <testcase classname="tests.ParentDairy1" name="viewDiary" time="27.980"/>
  <testcase classname="tests.ParentDairy1" name="viewDiary" time="27.783"/>
  <testcase classname="tests.ParentDairy1" name="viewDiary" time="27.451"/>
  <testcase classname="tests.ParentDairy1" name="viewDiary" time="28.038"/>
  <testcase classname="tests.ParentDairy1" name="viewDiary" time="27.440"/>
  <testcase classname="tests.ParentDairy1" name="viewDiary" time="27.556"/>
  <testcase classname="tests.ParentDairy1" name="viewDiary" time="27.623"/>
  <testcase classname="tests.ParentDairy1" name="viewDiary" time="27.818"/>
  <testcase classname="tests.ParentDairy1" name="viewDiary" time="27.489"/>
  <testcase classname="tests.ParentDairy1" name="viewDiary" time="27.450"/>
  <testcase classname="tests.ParentDairy1" name="viewDiary" time="27.529"/>
  <testcase classname="tests.ParentDairy1" name="viewDiary" time="27.710"/>
  <testcase classname="tests.ParentDairy1" name="viewDiary" time="27.485"/>
  <testcase classname="tests.ParentDairy1" name="viewDiary" time="27.984"/>
  <testcase classname="tests.ParentDairy1" name="viewDiary" time="27.390"/>
  <testcase classname="tests.ParentDairy1" name="viewDiary" time="27.699"/>
  <testcase classname="tests.ParentDairy1" name="viewDiary" time="27.732"/>
  <testcase classname="tests.ParentDairy1" name="viewDiary" time="27.445"/>
  <testcase classname="tests.ParentDairy1" name="viewDiary" time="27.583"/>
  <testcase classname="tests.ParentDairy1" name="viewDiary" time="27.478"/>
  <testcase classname="tests.ParentDairy1" name="viewDiary" time="27.678"/>
  <testcase classname="tests.ParentDairy1" name="viewDiary" time="27.536"/>
  <testcase classname="tests.ParentDairy1" name="viewDiary" time="27.567"/>
  <testcase classname="tests.ParentDairy1" name="viewDiary" time="27.765"/>
  <testcase classname="tests.ParentDairy1" name="viewDiary" time="27.805"/>
  <testcase classname="tests.ParentDairy1" name="viewDiary" time="27.392"/>
  <testcase classname="tests.ParentDairy1" name="viewDiary" time="27.506"/>
  <testcase classname="tests.ParentDairy1" name="viewDiary" time="28.124"/>
  <testcase classname="tests.ParentDairy1" name="viewDiary" time="28.106"/>
  <testcase classname="tests.ParentDairy1" name="viewDiary" time="27.480"/>
  <testcase classname="tests.ParentDairy1" name="viewDiary" time="27.355"/>
  <testcase classname="tests.ParentDairy1" name="viewDiary" time="27.546"/>
  <testcase classname="tests.ParentDairy1" name="viewDiary" time="27.776"/>
  <testcase classname="tests.ParentDairy1" name="viewDiary" time="27.549"/>
  <testcase classname="tests.ParentDairy1" name="viewDiary" time="27.460"/>
  <testcase classname="tests.ParentDairy1" name="viewDiary" time="27.713"/>
  <testcase classname="tests.ParentDairy1" name="viewDiary" time="27.779"/>
  <testcase classname="tests.ParentDairy1" name="viewDiary" time="27.637"/>
  <testcase classname="tests.ParentDairy1" name="viewDiary" time="27.721"/>
  <testcase classname="tests.ParentDairy1" name="viewDiary" time="27.499"/>
  <testcase classname="tests.ParentDairy1" name="viewDiary" time="27.722"/>
  <testcase classname="tests.ParentDairy1" name="viewDiary" time="27.564"/>
  <testcase classname="tests.ParentDairy1" name="viewDiary" time="29.101"/>
  <testcase classname="tests.ParentDairy1" name="viewDiary" time="27.964"/>
  <testcase classname="tests.ParentDairy1" name="viewDiary" time="27.491"/>
  <testcase classname="tests.ParentDairy1" name="viewDiary" time="27.426"/>
  <testcase classname="tests.ParentDairy1" name="viewDiary" time="27.844"/>
  <testcase classname="tests.ParentDairy1" name="viewDiary" time="27.834"/>
  <testcase classname="tests.ParentDairy1" name="viewDiary" time="27.934"/>
  <testcase classname="tests.ParentDairy1" name="viewDiary" time="27.415"/>
  <testcase classname="tests.ParentDairy1" name="viewDiary" time="27.877"/>
  <testcase classname="tests.ParentDairy1" name="viewDiary" time="27.694"/>
  <testcase classname="tests.ParentDairy1" name="viewDiary" time="27.638"/>
  <testcase classname="tests.ParentDairy1" name="viewDiary" time="27.364"/>
</testsuite> <!-- tests.ParentDairy1 -->
